<?xml version="1.0" encoding="UTF-8"?>
<coverage generated="1545297817059" clover="3.2.0">
  <project timestamp="1545297817060" name="All files">
    <metrics statements="242" coveredstatements="85" conditionals="91" coveredconditionals="36" methods="131" coveredmethods="45" elements="464" coveredelements="166" complexity="0" loc="242" ncloc="242" packages="8" files="20" classes="20">
      <package name="src">
        <metrics statements="1" coveredstatements="1" conditionals="0" coveredconditionals="0" methods="0" coveredmethods="0"/>
        <file name="setupTests.js" path="/home/milestep/apps/react_todo_client/src/setupTests.js">
          <metrics statements="1" coveredstatements="1" conditionals="0" coveredconditionals="0" methods="0" coveredmethods="0"/>
          <line num="4" count="10" type="stmt"/>
        </file>
      </package>
      <package name="src.actions">
        <metrics statements="88" coveredstatements="13" conditionals="14" coveredconditionals="0" methods="41" coveredmethods="4"/>
        <file name="actionTypes.js" path="/home/milestep/apps/react_todo_client/src/actions/actionTypes.js">
          <metrics statements="7" coveredstatements="7" conditionals="0" coveredconditionals="0" methods="0" coveredmethods="0"/>
          <line num="1" count="5" type="stmt"/>
          <line num="3" count="5" type="stmt"/>
          <line num="5" count="5" type="stmt"/>
          <line num="7" count="5" type="stmt"/>
          <line num="9" count="5" type="stmt"/>
          <line num="11" count="5" type="stmt"/>
          <line num="13" count="5" type="stmt"/>
        </file>
        <file name="sessions.js" path="/home/milestep/apps/react_todo_client/src/actions/sessions.js">
          <metrics statements="11" coveredstatements="0" conditionals="0" coveredconditionals="0" methods="4" coveredmethods="0"/>
          <line num="8" count="0" type="stmt"/>
          <line num="9" count="0" type="stmt"/>
          <line num="12" count="0" type="stmt"/>
          <line num="16" count="0" type="stmt"/>
          <line num="17" count="0" type="stmt"/>
          <line num="21" count="0" type="stmt"/>
          <line num="22" count="0" type="stmt"/>
          <line num="23" count="0" type="stmt"/>
          <line num="26" count="0" type="stmt"/>
          <line num="27" count="0" type="stmt"/>
          <line num="28" count="0" type="stmt"/>
        </file>
        <file name="tasks.js" path="/home/milestep/apps/react_todo_client/src/actions/tasks.js">
          <metrics statements="54" coveredstatements="6" conditionals="14" coveredconditionals="0" methods="29" coveredmethods="4"/>
          <line num="16" count="5" type="stmt"/>
          <line num="17" count="5" type="stmt"/>
          <line num="20" count="2" type="stmt"/>
          <line num="21" count="2" type="stmt"/>
          <line num="25" count="0" type="cond" truecount="0" falsecount="2"/>
          <line num="26" count="0" type="stmt"/>
          <line num="27" count="0" type="stmt"/>
          <line num="31" count="0" type="stmt"/>
          <line num="37" count="2" type="stmt"/>
          <line num="38" count="2" type="stmt"/>
          <line num="42" count="0" type="cond" truecount="0" falsecount="2"/>
          <line num="43" count="0" type="stmt"/>
          <line num="47" count="0" type="stmt"/>
          <line num="53" count="0" type="stmt"/>
          <line num="54" count="0" type="cond" truecount="0" falsecount="2"/>
          <line num="55" count="0" type="stmt"/>
          <line num="57" count="0" type="stmt"/>
          <line num="59" count="0" type="stmt"/>
          <line num="60" count="0" type="stmt"/>
          <line num="61" count="0" type="stmt"/>
          <line num="64" count="0" type="cond" truecount="0" falsecount="2"/>
          <line num="65" count="0" type="stmt"/>
          <line num="66" count="0" type="cond" truecount="0" falsecount="2"/>
          <line num="67" count="0" type="stmt"/>
          <line num="69" count="0" type="stmt"/>
          <line num="74" count="0" type="stmt"/>
          <line num="80" count="0" type="stmt"/>
          <line num="81" count="0" type="stmt"/>
          <line num="85" count="0" type="cond" truecount="0" falsecount="2"/>
          <line num="86" count="0" type="stmt"/>
          <line num="87" count="0" type="stmt"/>
          <line num="90" count="0" type="stmt"/>
          <line num="91" count="0" type="stmt"/>
          <line num="96" count="0" type="stmt"/>
          <line num="102" count="0" type="stmt"/>
          <line num="103" count="0" type="stmt"/>
          <line num="107" count="0" type="cond" truecount="0" falsecount="2"/>
          <line num="108" count="0" type="stmt"/>
          <line num="109" count="0" type="stmt"/>
          <line num="110" count="0" type="stmt"/>
          <line num="116" count="0" type="stmt"/>
          <line num="122" count="0" type="stmt"/>
          <line num="123" count="0" type="stmt"/>
          <line num="127" count="0" type="stmt"/>
          <line num="128" count="0" type="stmt"/>
          <line num="133" count="0" type="stmt"/>
          <line num="139" count="0" type="stmt"/>
          <line num="140" count="0" type="stmt"/>
          <line num="144" count="0" type="stmt"/>
          <line num="145" count="0" type="stmt"/>
          <line num="146" count="0" type="stmt"/>
          <line num="151" count="0" type="stmt"/>
          <line num="152" count="0" type="stmt"/>
          <line num="153" count="0" type="stmt"/>
        </file>
        <file name="users.js" path="/home/milestep/apps/react_todo_client/src/actions/users.js">
          <metrics statements="16" coveredstatements="0" conditionals="0" coveredconditionals="0" methods="8" coveredmethods="0"/>
          <line num="8" count="0" type="stmt"/>
          <line num="9" count="0" type="stmt"/>
          <line num="12" count="0" type="stmt"/>
          <line num="15" count="0" type="stmt"/>
          <line num="16" count="0" type="stmt"/>
          <line num="21" count="0" type="stmt"/>
          <line num="22" count="0" type="stmt"/>
          <line num="23" count="0" type="stmt"/>
          <line num="29" count="0" type="stmt"/>
          <line num="30" count="0" type="stmt"/>
          <line num="33" count="0" type="stmt"/>
          <line num="36" count="0" type="stmt"/>
          <line num="37" count="0" type="stmt"/>
          <line num="42" count="0" type="stmt"/>
          <line num="43" count="0" type="stmt"/>
          <line num="44" count="0" type="stmt"/>
        </file>
      </package>
      <package name="src.components">
        <metrics statements="5" coveredstatements="4" conditionals="4" coveredconditionals="2" methods="3" coveredmethods="3"/>
        <file name="header.js" path="/home/milestep/apps/react_todo_client/src/components/header.js">
          <metrics statements="3" coveredstatements="2" conditionals="4" coveredconditionals="2" methods="1" coveredmethods="1"/>
          <line num="6" count="1" type="cond" truecount="2" falsecount="2"/>
          <line num="7" count="0" type="stmt"/>
          <line num="44" count="1" type="stmt"/>
        </file>
        <file name="home.js" path="/home/milestep/apps/react_todo_client/src/components/home.js">
          <metrics statements="1" coveredstatements="1" conditionals="0" coveredconditionals="0" methods="1" coveredmethods="1"/>
          <line num="5" count="1" type="stmt"/>
        </file>
        <file name="p404.js" path="/home/milestep/apps/react_todo_client/src/components/p404.js">
          <metrics statements="1" coveredstatements="1" conditionals="0" coveredconditionals="0" methods="1" coveredmethods="1"/>
          <line num="4" count="1" type="stmt"/>
        </file>
      </package>
      <package name="src.components.constants">
        <metrics statements="6" coveredstatements="6" conditionals="2" coveredconditionals="1" methods="0" coveredmethods="0"/>
        <file name="apiconfig.js" path="/home/milestep/apps/react_todo_client/src/components/constants/apiconfig.js">
          <metrics statements="4" coveredstatements="4" conditionals="2" coveredconditionals="1" methods="0" coveredmethods="0"/>
          <line num="3" count="7" type="cond" truecount="1" falsecount="1"/>
          <line num="7" count="7" type="stmt"/>
          <line num="9" count="7" type="stmt"/>
          <line num="11" count="7" type="stmt"/>
        </file>
        <file name="user.js" path="/home/milestep/apps/react_todo_client/src/components/constants/user.js">
          <metrics statements="2" coveredstatements="2" conditionals="0" coveredconditionals="0" methods="0" coveredmethods="0"/>
          <line num="1" count="6" type="stmt"/>
          <line num="3" count="6" type="stmt"/>
        </file>
      </package>
      <package name="src.components.tasks">
        <metrics statements="106" coveredstatements="47" conditionals="64" coveredconditionals="31" methods="70" coveredmethods="29"/>
        <file name="taskadd.js" path="/home/milestep/apps/react_todo_client/src/components/tasks/taskadd.js">
          <metrics statements="16" coveredstatements="5" conditionals="0" coveredconditionals="0" methods="10" coveredmethods="4"/>
          <line num="7" count="1" type="stmt"/>
          <line num="8" count="1" type="stmt"/>
          <line num="21" count="0" type="stmt"/>
          <line num="22" count="0" type="stmt"/>
          <line num="23" count="0" type="stmt"/>
          <line num="27" count="0" type="stmt"/>
          <line num="28" count="0" type="stmt"/>
          <line num="32" count="0" type="stmt"/>
          <line num="33" count="0" type="stmt"/>
          <line num="34" count="0" type="stmt"/>
          <line num="35" count="0" type="stmt"/>
          <line num="36" count="0" type="stmt"/>
          <line num="40" count="1" type="stmt"/>
          <line num="114" count="1" type="stmt"/>
          <line num="116" count="0" type="stmt"/>
          <line num="120" count="1" type="stmt"/>
        </file>
        <file name="taskedit.js" path="/home/milestep/apps/react_todo_client/src/components/tasks/taskedit.js">
          <metrics statements="20" coveredstatements="8" conditionals="0" coveredconditionals="0" methods="13" coveredmethods="5"/>
          <line num="9" count="1" type="stmt"/>
          <line num="10" count="1" type="stmt"/>
          <line num="36" count="1" type="stmt"/>
          <line num="37" count="1" type="stmt"/>
          <line num="41" count="0" type="stmt"/>
          <line num="45" count="0" type="stmt"/>
          <line num="46" count="0" type="stmt"/>
          <line num="47" count="0" type="stmt"/>
          <line num="51" count="0" type="stmt"/>
          <line num="52" count="0" type="stmt"/>
          <line num="56" count="0" type="stmt"/>
          <line num="57" count="0" type="stmt"/>
          <line num="58" count="0" type="stmt"/>
          <line num="59" count="0" type="stmt"/>
          <line num="60" count="0" type="stmt"/>
          <line num="64" count="1" type="stmt"/>
          <line num="65" count="1" type="stmt"/>
          <line num="143" count="1" type="stmt"/>
          <line num="147" count="1" type="stmt"/>
          <line num="149" count="0" type="stmt"/>
        </file>
        <file name="taskprofile.js" path="/home/milestep/apps/react_todo_client/src/components/tasks/taskprofile.js">
          <metrics statements="15" coveredstatements="9" conditionals="28" coveredconditionals="10" methods="9" coveredmethods="5"/>
          <line num="10" count="1" type="stmt"/>
          <line num="11" count="1" type="stmt"/>
          <line num="25" count="0" type="stmt"/>
          <line num="26" count="0" type="stmt"/>
          <line num="30" count="0" type="stmt"/>
          <line num="31" count="0" type="stmt"/>
          <line num="35" count="1" type="stmt"/>
          <line num="37" count="1" type="cond" truecount="1" falsecount="1"/>
          <line num="45" count="1" type="cond" truecount="1" falsecount="1"/>
          <line num="52" count="1" type="stmt"/>
          <line num="114" count="1" type="stmt"/>
          <line num="118" count="1" type="stmt"/>
          <line num="120" count="1" type="stmt"/>
          <line num="123" count="0" type="stmt"/>
          <line num="126" count="0" type="stmt"/>
        </file>
        <file name="tasksdel.js" path="/home/milestep/apps/react_todo_client/src/components/tasks/tasksdel.js">
          <metrics statements="30" coveredstatements="13" conditionals="20" coveredconditionals="11" methods="20" coveredmethods="8"/>
          <line num="13" count="1" type="stmt"/>
          <line num="14" count="1" type="stmt"/>
          <line num="25" count="1" type="stmt"/>
          <line num="29" count="0" type="stmt"/>
          <line num="33" count="0" type="stmt"/>
          <line num="34" count="0" type="stmt"/>
          <line num="35" count="0" type="cond" truecount="0" falsecount="2"/>
          <line num="36" count="0" type="stmt"/>
          <line num="38" count="0" type="stmt"/>
          <line num="40" count="0" type="stmt"/>
          <line num="44" count="0" type="stmt"/>
          <line num="48" count="0" type="stmt"/>
          <line num="49" count="0" type="stmt"/>
          <line num="50" count="0" type="stmt"/>
          <line num="52" count="0" type="stmt"/>
          <line num="56" count="0" type="stmt"/>
          <line num="60" count="3" type="cond" truecount="1" falsecount="1"/>
          <line num="61" count="0" type="stmt"/>
          <line num="65" count="2" type="stmt"/>
          <line num="92" count="3" type="cond" truecount="2" falsecount="0"/>
          <line num="94" count="2" type="cond" truecount="1" falsecount="1"/>
          <line num="102" count="2" type="cond" truecount="1" falsecount="1"/>
          <line num="110" count="2" type="stmt"/>
          <line num="141" count="3" type="cond" truecount="2" falsecount="0"/>
          <line num="142" count="1" type="stmt"/>
          <line num="176" count="1" type="stmt"/>
          <line num="180" count="1" type="stmt"/>
          <line num="182" count="0" type="stmt"/>
          <line num="185" count="0" type="stmt"/>
          <line num="188" count="0" type="stmt"/>
        </file>
        <file name="taskslist.js" path="/home/milestep/apps/react_todo_client/src/components/tasks/taskslist.js">
          <metrics statements="25" coveredstatements="12" conditionals="16" coveredconditionals="10" methods="18" coveredmethods="7"/>
          <line num="8" count="1" type="stmt"/>
          <line num="9" count="1" type="stmt"/>
          <line num="29" count="1" type="stmt"/>
          <line num="33" count="0" type="stmt"/>
          <line num="34" count="0" type="stmt"/>
          <line num="38" count="0" type="stmt"/>
          <line num="42" count="0" type="stmt"/>
          <line num="43" count="0" type="stmt"/>
          <line num="44" count="0" type="stmt"/>
          <line num="46" count="0" type="stmt"/>
          <line num="50" count="0" type="stmt"/>
          <line num="51" count="0" type="stmt"/>
          <line num="52" count="0" type="stmt"/>
          <line num="54" count="0" type="stmt"/>
          <line num="58" count="2" type="stmt"/>
          <line num="76" count="3" type="cond" truecount="2" falsecount="0"/>
          <line num="78" count="2" type="cond" truecount="1" falsecount="1"/>
          <line num="86" count="2" type="cond" truecount="1" falsecount="1"/>
          <line num="93" count="2" type="stmt"/>
          <line num="120" count="3" type="cond" truecount="2" falsecount="0"/>
          <line num="121" count="1" type="stmt"/>
          <line num="152" count="1" type="stmt"/>
          <line num="156" count="1" type="stmt"/>
          <line num="158" count="0" type="stmt"/>
          <line num="161" count="0" type="stmt"/>
        </file>
      </package>
      <package name="src.components.users">
        <metrics statements="25" coveredstatements="10" conditionals="0" coveredconditionals="0" methods="14" coveredmethods="8"/>
        <file name="signin.js" path="/home/milestep/apps/react_todo_client/src/components/users/signin.js">
          <metrics statements="13" coveredstatements="5" conditionals="0" coveredconditionals="0" methods="7" coveredmethods="4"/>
          <line num="6" count="1" type="stmt"/>
          <line num="7" count="1" type="stmt"/>
          <line num="16" count="0" type="stmt"/>
          <line num="17" count="0" type="stmt"/>
          <line num="18" count="0" type="stmt"/>
          <line num="22" count="0" type="stmt"/>
          <line num="23" count="0" type="stmt"/>
          <line num="24" count="0" type="stmt"/>
          <line num="25" count="0" type="stmt"/>
          <line num="29" count="1" type="stmt"/>
          <line num="65" count="1" type="stmt"/>
          <line num="67" count="1" type="stmt"/>
          <line num="69" count="0" type="stmt"/>
        </file>
        <file name="signup.js" path="/home/milestep/apps/react_todo_client/src/components/users/signup.js">
          <metrics statements="12" coveredstatements="5" conditionals="0" coveredconditionals="0" methods="7" coveredmethods="4"/>
          <line num="9" count="1" type="stmt"/>
          <line num="10" count="1" type="stmt"/>
          <line num="23" count="0" type="stmt"/>
          <line num="24" count="0" type="stmt"/>
          <line num="25" count="0" type="stmt"/>
          <line num="29" count="0" type="stmt"/>
          <line num="30" count="0" type="stmt"/>
          <line num="31" count="0" type="stmt"/>
          <line num="35" count="1" type="stmt"/>
          <line num="97" count="1" type="stmt"/>
          <line num="99" count="1" type="stmt"/>
          <line num="101" count="0" type="stmt"/>
        </file>
      </package>
      <package name="src.reducers">
        <metrics statements="10" coveredstatements="3" conditionals="7" coveredconditionals="2" methods="3" coveredmethods="1"/>
        <file name="index.js" path="/home/milestep/apps/react_todo_client/src/reducers/index.js">
          <metrics statements="1" coveredstatements="1" conditionals="0" coveredconditionals="0" methods="0" coveredmethods="0"/>
          <line num="5" count="4" type="stmt"/>
        </file>
        <file name="tasks.js" path="/home/milestep/apps/react_todo_client/src/reducers/tasks.js">
          <metrics statements="9" coveredstatements="2" conditionals="7" coveredconditionals="2" methods="3" coveredmethods="1"/>
          <line num="16" count="12" type="cond" truecount="1" falsecount="5"/>
          <line num="18" count="0" type="stmt"/>
          <line num="24" count="0" type="stmt"/>
          <line num="30" count="0" type="stmt"/>
          <line num="36" count="0" type="stmt"/>
          <line num="38" count="0" type="stmt"/>
          <line num="42" count="0" type="stmt"/>
          <line num="43" count="0" type="stmt"/>
          <line num="49" count="12" type="stmt"/>
        </file>
      </package>
      <package name="src.services">
        <metrics statements="1" coveredstatements="1" conditionals="0" coveredconditionals="0" methods="0" coveredmethods="0"/>
        <file name="hist.js" path="/home/milestep/apps/react_todo_client/src/services/hist.js">
          <metrics statements="1" coveredstatements="1" conditionals="0" coveredconditionals="0" methods="0" coveredmethods="0"/>
          <line num="3" count="7" type="stmt"/>
        </file>
      </package>
    </metrics>
  </project>
</coverage>
