{"/home/milestep/apps/react_todo_client/src/setupTests.js": {"path":"/home/milestep/apps/react_todo_client/src/setupTests.js","statementMap":{"0":{"start":{"line":4,"column":0},"end":{"line":4,"column":38}}},"fnMap":{},"branchMap":{},"s":{"0":10},"f":{},"b":{},"_coverageSchema":"332fd63041d2c1bcb487cc26dd0d5f7d97098a6c","hash":"c2296600e5de2ff95fc8dd275d75ab0e2eb55c94"}
,"/home/milestep/apps/react_todo_client/src/actions/actionTypes.js": {"path":"/home/milestep/apps/react_todo_client/src/actions/actionTypes.js","statementMap":{"0":{"start":{"line":1,"column":25},"end":{"line":1,"column":36}},"1":{"start":{"line":3,"column":24},"end":{"line":3,"column":34}},"2":{"start":{"line":5,"column":24},"end":{"line":5,"column":34}},"3":{"start":{"line":7,"column":27},"end":{"line":7,"column":40}},"4":{"start":{"line":9,"column":25},"end":{"line":9,"column":36}},"5":{"start":{"line":11,"column":25},"end":{"line":11,"column":36}},"6":{"start":{"line":13,"column":28},"end":{"line":13,"column":42}}},"fnMap":{},"branchMap":{},"s":{"0":5,"1":5,"2":5,"3":5,"4":5,"5":5,"6":5},"f":{},"b":{},"_coverageSchema":"332fd63041d2c1bcb487cc26dd0d5f7d97098a6c","hash":"8116710c8a7afb23716b8387943ef717bd14f896"}
,"/home/milestep/apps/react_todo_client/src/actions/sessions.js": {"path":"/home/milestep/apps/react_todo_client/src/actions/sessions.js","statementMap":{"0":{"start":{"line":8,"column":2},"end":{"line":30,"column":4}},"1":{"start":{"line":9,"column":15},"end":{"line":11,"column":5}},"2":{"start":{"line":12,"column":4},"end":{"line":29,"column":9}},"3":{"start":{"line":16,"column":25},"end":{"line":16,"column":79}},"4":{"start":{"line":17,"column":8},"end":{"line":20,"column":10}},"5":{"start":{"line":21,"column":8},"end":{"line":21,"column":59}},"6":{"start":{"line":22,"column":8},"end":{"line":22,"column":51}},"7":{"start":{"line":23,"column":8},"end":{"line":23,"column":40}},"8":{"start":{"line":26,"column":28},"end":{"line":26,"column":43}},"9":{"start":{"line":27,"column":27},"end":{"line":27,"column":42}},"10":{"start":{"line":28,"column":8},"end":{"line":28,"column":46}}},"fnMap":{"0":{"name":"signin","decl":{"start":{"line":7,"column":16},"end":{"line":7,"column":22}},"loc":{"start":{"line":7,"column":32},"end":{"line":31,"column":1}},"line":7},"1":{"name":"(anonymous_1)","decl":{"start":{"line":8,"column":9},"end":{"line":8,"column":10}},"loc":{"start":{"line":8,"column":38},"end":{"line":30,"column":3}},"line":8},"2":{"name":"(anonymous_2)","decl":{"start":{"line":15,"column":12},"end":{"line":15,"column":13}},"loc":{"start":{"line":15,"column":19},"end":{"line":24,"column":7}},"line":15},"3":{"name":"(anonymous_3)","decl":{"start":{"line":25,"column":13},"end":{"line":25,"column":14}},"loc":{"start":{"line":25,"column":18},"end":{"line":29,"column":7}},"line":25}},"branchMap":{},"s":{"0":0,"1":0,"2":0,"3":0,"4":0,"5":0,"6":0,"7":0,"8":0,"9":0,"10":0},"f":{"0":0,"1":0,"2":0,"3":0},"b":{},"_coverageSchema":"332fd63041d2c1bcb487cc26dd0d5f7d97098a6c","hash":"f2cbed4a8a0eb12bba92e4ffce75d9777e4d3355"}
,"/home/milestep/apps/react_todo_client/src/actions/tasks.js": {"path":"/home/milestep/apps/react_todo_client/src/actions/tasks.js","statementMap":{"0":{"start":{"line":16,"column":14},"end":{"line":16,"column":40}},"1":{"start":{"line":17,"column":0},"end":{"line":17,"column":33}},"2":{"start":{"line":20,"column":2},"end":{"line":33,"column":4}},"3":{"start":{"line":21,"column":4},"end":{"line":32,"column":9}},"4":{"start":{"line":25,"column":8},"end":{"line":28,"column":9}},"5":{"start":{"line":26,"column":10},"end":{"line":26,"column":59}},"6":{"start":{"line":27,"column":10},"end":{"line":27,"column":32}},"7":{"start":{"line":31,"column":8},"end":{"line":31,"column":36}},"8":{"start":{"line":37,"column":2},"end":{"line":49,"column":4}},"9":{"start":{"line":38,"column":4},"end":{"line":48,"column":9}},"10":{"start":{"line":42,"column":8},"end":{"line":44,"column":9}},"11":{"start":{"line":43,"column":10},"end":{"line":43,"column":58}},"12":{"start":{"line":47,"column":8},"end":{"line":47,"column":36}},"13":{"start":{"line":53,"column":2},"end":{"line":76,"column":4}},"14":{"start":{"line":54,"column":4},"end":{"line":58,"column":5}},"15":{"start":{"line":55,"column":6},"end":{"line":55,"column":18}},"16":{"start":{"line":57,"column":6},"end":{"line":57,"column":19}},"17":{"start":{"line":59,"column":15},"end":{"line":59,"column":37}},"18":{"start":{"line":60,"column":15},"end":{"line":60,"column":29}},"19":{"start":{"line":61,"column":4},"end":{"line":75,"column":9}},"20":{"start":{"line":64,"column":8},"end":{"line":71,"column":9}},"21":{"start":{"line":65,"column":10},"end":{"line":65,"column":59}},"22":{"start":{"line":66,"column":10},"end":{"line":70,"column":11}},"23":{"start":{"line":67,"column":12},"end":{"line":67,"column":79}},"24":{"start":{"line":69,"column":12},"end":{"line":69,"column":76}},"25":{"start":{"line":74,"column":8},"end":{"line":74,"column":36}},"26":{"start":{"line":80,"column":2},"end":{"line":98,"column":4}},"27":{"start":{"line":81,"column":4},"end":{"line":97,"column":9}},"28":{"start":{"line":85,"column":8},"end":{"line":93,"column":9}},"29":{"start":{"line":86,"column":10},"end":{"line":86,"column":58}},"30":{"start":{"line":87,"column":10},"end":{"line":89,"column":12}},"31":{"start":{"line":90,"column":10},"end":{"line":92,"column":13}},"32":{"start":{"line":91,"column":12},"end":{"line":91,"column":32}},"33":{"start":{"line":96,"column":8},"end":{"line":96,"column":36}},"34":{"start":{"line":102,"column":2},"end":{"line":118,"column":4}},"35":{"start":{"line":103,"column":4},"end":{"line":117,"column":9}},"36":{"start":{"line":107,"column":8},"end":{"line":113,"column":9}},"37":{"start":{"line":108,"column":10},"end":{"line":108,"column":59}},"38":{"start":{"line":109,"column":10},"end":{"line":109,"column":30}},"39":{"start":{"line":110,"column":10},"end":{"line":112,"column":12}},"40":{"start":{"line":116,"column":8},"end":{"line":116,"column":36}},"41":{"start":{"line":122,"column":2},"end":{"line":135,"column":4}},"42":{"start":{"line":123,"column":4},"end":{"line":134,"column":9}},"43":{"start":{"line":127,"column":8},"end":{"line":127,"column":53}},"44":{"start":{"line":128,"column":8},"end":{"line":130,"column":10}},"45":{"start":{"line":133,"column":8},"end":{"line":133,"column":36}},"46":{"start":{"line":139,"column":2},"end":{"line":155,"column":4}},"47":{"start":{"line":140,"column":4},"end":{"line":154,"column":9}},"48":{"start":{"line":144,"column":8},"end":{"line":144,"column":54}},"49":{"start":{"line":145,"column":8},"end":{"line":145,"column":28}},"50":{"start":{"line":146,"column":8},"end":{"line":148,"column":10}},"51":{"start":{"line":151,"column":28},"end":{"line":151,"column":43}},"52":{"start":{"line":152,"column":27},"end":{"line":152,"column":42}},"53":{"start":{"line":153,"column":8},"end":{"line":153,"column":46}}},"fnMap":{"0":{"name":"getTasks","decl":{"start":{"line":19,"column":16},"end":{"line":19,"column":24}},"loc":{"start":{"line":19,"column":27},"end":{"line":34,"column":1}},"line":19},"1":{"name":"(anonymous_1)","decl":{"start":{"line":20,"column":9},"end":{"line":20,"column":10}},"loc":{"start":{"line":20,"column":38},"end":{"line":33,"column":3}},"line":20},"2":{"name":"(anonymous_2)","decl":{"start":{"line":24,"column":12},"end":{"line":24,"column":13}},"loc":{"start":{"line":24,"column":19},"end":{"line":29,"column":7}},"line":24},"3":{"name":"(anonymous_3)","decl":{"start":{"line":30,"column":13},"end":{"line":30,"column":14}},"loc":{"start":{"line":30,"column":18},"end":{"line":32,"column":7}},"line":30},"4":{"name":"getTask","decl":{"start":{"line":36,"column":16},"end":{"line":36,"column":23}},"loc":{"start":{"line":36,"column":28},"end":{"line":50,"column":1}},"line":36},"5":{"name":"(anonymous_5)","decl":{"start":{"line":37,"column":9},"end":{"line":37,"column":10}},"loc":{"start":{"line":37,"column":38},"end":{"line":49,"column":3}},"line":37},"6":{"name":"(anonymous_6)","decl":{"start":{"line":41,"column":12},"end":{"line":41,"column":13}},"loc":{"start":{"line":41,"column":19},"end":{"line":45,"column":7}},"line":41},"7":{"name":"(anonymous_7)","decl":{"start":{"line":46,"column":13},"end":{"line":46,"column":14}},"loc":{"start":{"line":46,"column":18},"end":{"line":48,"column":7}},"line":46},"8":{"name":"doneTask","decl":{"start":{"line":52,"column":16},"end":{"line":52,"column":24}},"loc":{"start":{"line":52,"column":35},"end":{"line":77,"column":1}},"line":52},"9":{"name":"(anonymous_9)","decl":{"start":{"line":53,"column":9},"end":{"line":53,"column":10}},"loc":{"start":{"line":53,"column":38},"end":{"line":76,"column":3}},"line":53},"10":{"name":"(anonymous_10)","decl":{"start":{"line":63,"column":12},"end":{"line":63,"column":13}},"loc":{"start":{"line":63,"column":19},"end":{"line":72,"column":7}},"line":63},"11":{"name":"(anonymous_11)","decl":{"start":{"line":73,"column":13},"end":{"line":73,"column":14}},"loc":{"start":{"line":73,"column":18},"end":{"line":75,"column":7}},"line":73},"12":{"name":"addTask","decl":{"start":{"line":79,"column":16},"end":{"line":79,"column":23}},"loc":{"start":{"line":79,"column":30},"end":{"line":99,"column":1}},"line":79},"13":{"name":"(anonymous_13)","decl":{"start":{"line":80,"column":9},"end":{"line":80,"column":10}},"loc":{"start":{"line":80,"column":38},"end":{"line":98,"column":3}},"line":80},"14":{"name":"(anonymous_14)","decl":{"start":{"line":84,"column":12},"end":{"line":84,"column":13}},"loc":{"start":{"line":84,"column":19},"end":{"line":94,"column":7}},"line":84},"15":{"name":"(anonymous_15)","decl":{"start":{"line":90,"column":21},"end":{"line":90,"column":22}},"loc":{"start":{"line":90,"column":27},"end":{"line":92,"column":11}},"line":90},"16":{"name":"(anonymous_16)","decl":{"start":{"line":95,"column":13},"end":{"line":95,"column":14}},"loc":{"start":{"line":95,"column":18},"end":{"line":97,"column":7}},"line":95},"17":{"name":"editTask","decl":{"start":{"line":101,"column":16},"end":{"line":101,"column":24}},"loc":{"start":{"line":101,"column":31},"end":{"line":119,"column":1}},"line":101},"18":{"name":"(anonymous_18)","decl":{"start":{"line":102,"column":9},"end":{"line":102,"column":10}},"loc":{"start":{"line":102,"column":38},"end":{"line":118,"column":3}},"line":102},"19":{"name":"(anonymous_19)","decl":{"start":{"line":106,"column":12},"end":{"line":106,"column":13}},"loc":{"start":{"line":106,"column":19},"end":{"line":114,"column":7}},"line":106},"20":{"name":"(anonymous_20)","decl":{"start":{"line":115,"column":13},"end":{"line":115,"column":14}},"loc":{"start":{"line":115,"column":18},"end":{"line":117,"column":7}},"line":115},"21":{"name":"deleteTask","decl":{"start":{"line":121,"column":16},"end":{"line":121,"column":26}},"loc":{"start":{"line":121,"column":31},"end":{"line":136,"column":1}},"line":121},"22":{"name":"(anonymous_22)","decl":{"start":{"line":122,"column":9},"end":{"line":122,"column":10}},"loc":{"start":{"line":122,"column":38},"end":{"line":135,"column":3}},"line":122},"23":{"name":"(anonymous_23)","decl":{"start":{"line":126,"column":12},"end":{"line":126,"column":13}},"loc":{"start":{"line":126,"column":19},"end":{"line":131,"column":7}},"line":126},"24":{"name":"(anonymous_24)","decl":{"start":{"line":132,"column":13},"end":{"line":132,"column":14}},"loc":{"start":{"line":132,"column":18},"end":{"line":134,"column":7}},"line":132},"25":{"name":"deleteCheckedTasks","decl":{"start":{"line":138,"column":16},"end":{"line":138,"column":34}},"loc":{"start":{"line":138,"column":40},"end":{"line":156,"column":1}},"line":138},"26":{"name":"(anonymous_26)","decl":{"start":{"line":139,"column":9},"end":{"line":139,"column":10}},"loc":{"start":{"line":139,"column":38},"end":{"line":155,"column":3}},"line":139},"27":{"name":"(anonymous_27)","decl":{"start":{"line":143,"column":12},"end":{"line":143,"column":13}},"loc":{"start":{"line":143,"column":19},"end":{"line":149,"column":7}},"line":143},"28":{"name":"(anonymous_28)","decl":{"start":{"line":150,"column":13},"end":{"line":150,"column":14}},"loc":{"start":{"line":150,"column":18},"end":{"line":154,"column":7}},"line":150}},"branchMap":{"0":{"loc":{"start":{"line":25,"column":8},"end":{"line":28,"column":9}},"type":"if","locations":[{"start":{"line":25,"column":8},"end":{"line":28,"column":9}},{"start":{"line":25,"column":8},"end":{"line":28,"column":9}}],"line":25},"1":{"loc":{"start":{"line":42,"column":8},"end":{"line":44,"column":9}},"type":"if","locations":[{"start":{"line":42,"column":8},"end":{"line":44,"column":9}},{"start":{"line":42,"column":8},"end":{"line":44,"column":9}}],"line":42},"2":{"loc":{"start":{"line":54,"column":4},"end":{"line":58,"column":5}},"type":"if","locations":[{"start":{"line":54,"column":4},"end":{"line":58,"column":5}},{"start":{"line":54,"column":4},"end":{"line":58,"column":5}}],"line":54},"3":{"loc":{"start":{"line":64,"column":8},"end":{"line":71,"column":9}},"type":"if","locations":[{"start":{"line":64,"column":8},"end":{"line":71,"column":9}},{"start":{"line":64,"column":8},"end":{"line":71,"column":9}}],"line":64},"4":{"loc":{"start":{"line":66,"column":10},"end":{"line":70,"column":11}},"type":"if","locations":[{"start":{"line":66,"column":10},"end":{"line":70,"column":11}},{"start":{"line":66,"column":10},"end":{"line":70,"column":11}}],"line":66},"5":{"loc":{"start":{"line":85,"column":8},"end":{"line":93,"column":9}},"type":"if","locations":[{"start":{"line":85,"column":8},"end":{"line":93,"column":9}},{"start":{"line":85,"column":8},"end":{"line":93,"column":9}}],"line":85},"6":{"loc":{"start":{"line":107,"column":8},"end":{"line":113,"column":9}},"type":"if","locations":[{"start":{"line":107,"column":8},"end":{"line":113,"column":9}},{"start":{"line":107,"column":8},"end":{"line":113,"column":9}}],"line":107}},"s":{"0":5,"1":5,"2":2,"3":2,"4":0,"5":0,"6":0,"7":0,"8":2,"9":2,"10":0,"11":0,"12":0,"13":0,"14":0,"15":0,"16":0,"17":0,"18":0,"19":0,"20":0,"21":0,"22":0,"23":0,"24":0,"25":0,"26":0,"27":0,"28":0,"29":0,"30":0,"31":0,"32":0,"33":0,"34":0,"35":0,"36":0,"37":0,"38":0,"39":0,"40":0,"41":0,"42":0,"43":0,"44":0,"45":0,"46":0,"47":0,"48":0,"49":0,"50":0,"51":0,"52":0,"53":0},"f":{"0":2,"1":2,"2":0,"3":0,"4":2,"5":2,"6":0,"7":0,"8":0,"9":0,"10":0,"11":0,"12":0,"13":0,"14":0,"15":0,"16":0,"17":0,"18":0,"19":0,"20":0,"21":0,"22":0,"23":0,"24":0,"25":0,"26":0,"27":0,"28":0},"b":{"0":[0,0],"1":[0,0],"2":[0,0],"3":[0,0],"4":[0,0],"5":[0,0],"6":[0,0]},"_coverageSchema":"332fd63041d2c1bcb487cc26dd0d5f7d97098a6c","hash":"6262be208534d795cd1b845e50f1942aad2a03a8"}
,"/home/milestep/apps/react_todo_client/src/actions/users.js": {"path":"/home/milestep/apps/react_todo_client/src/actions/users.js","statementMap":{"0":{"start":{"line":8,"column":2},"end":{"line":25,"column":4}},"1":{"start":{"line":9,"column":15},"end":{"line":11,"column":5}},"2":{"start":{"line":12,"column":4},"end":{"line":24,"column":9}},"3":{"start":{"line":15,"column":8},"end":{"line":15,"column":29}},"4":{"start":{"line":16,"column":8},"end":{"line":18,"column":10}},"5":{"start":{"line":21,"column":28},"end":{"line":21,"column":43}},"6":{"start":{"line":22,"column":27},"end":{"line":22,"column":42}},"7":{"start":{"line":23,"column":8},"end":{"line":23,"column":46}},"8":{"start":{"line":29,"column":2},"end":{"line":46,"column":4}},"9":{"start":{"line":30,"column":15},"end":{"line":32,"column":5}},"10":{"start":{"line":33,"column":4},"end":{"line":45,"column":9}},"11":{"start":{"line":36,"column":8},"end":{"line":36,"column":29}},"12":{"start":{"line":37,"column":8},"end":{"line":39,"column":10}},"13":{"start":{"line":42,"column":28},"end":{"line":42,"column":43}},"14":{"start":{"line":43,"column":27},"end":{"line":43,"column":42}},"15":{"start":{"line":44,"column":8},"end":{"line":44,"column":46}}},"fnMap":{"0":{"name":"signup","decl":{"start":{"line":7,"column":16},"end":{"line":7,"column":22}},"loc":{"start":{"line":7,"column":29},"end":{"line":26,"column":1}},"line":7},"1":{"name":"(anonymous_1)","decl":{"start":{"line":8,"column":9},"end":{"line":8,"column":10}},"loc":{"start":{"line":8,"column":38},"end":{"line":25,"column":3}},"line":8},"2":{"name":"(anonymous_2)","decl":{"start":{"line":14,"column":12},"end":{"line":14,"column":13}},"loc":{"start":{"line":14,"column":19},"end":{"line":19,"column":7}},"line":14},"3":{"name":"(anonymous_3)","decl":{"start":{"line":20,"column":13},"end":{"line":20,"column":14}},"loc":{"start":{"line":20,"column":18},"end":{"line":24,"column":7}},"line":20},"4":{"name":"emailActivation","decl":{"start":{"line":28,"column":16},"end":{"line":28,"column":31}},"loc":{"start":{"line":28,"column":39},"end":{"line":47,"column":1}},"line":28},"5":{"name":"(anonymous_5)","decl":{"start":{"line":29,"column":9},"end":{"line":29,"column":10}},"loc":{"start":{"line":29,"column":38},"end":{"line":46,"column":3}},"line":29},"6":{"name":"(anonymous_6)","decl":{"start":{"line":35,"column":12},"end":{"line":35,"column":13}},"loc":{"start":{"line":35,"column":19},"end":{"line":40,"column":7}},"line":35},"7":{"name":"(anonymous_7)","decl":{"start":{"line":41,"column":13},"end":{"line":41,"column":14}},"loc":{"start":{"line":41,"column":18},"end":{"line":45,"column":7}},"line":41}},"branchMap":{},"s":{"0":0,"1":0,"2":0,"3":0,"4":0,"5":0,"6":0,"7":0,"8":0,"9":0,"10":0,"11":0,"12":0,"13":0,"14":0,"15":0},"f":{"0":0,"1":0,"2":0,"3":0,"4":0,"5":0,"6":0,"7":0},"b":{},"_coverageSchema":"332fd63041d2c1bcb487cc26dd0d5f7d97098a6c","hash":"f42e6f43c3789870d378eb780f7f5803bb32c223"}
,"/home/milestep/apps/react_todo_client/src/components/header.js": {"path":"/home/milestep/apps/react_todo_client/src/components/header.js","statementMap":{"0":{"start":{"line":6,"column":4},"end":{"line":67,"column":5}},"1":{"start":{"line":7,"column":6},"end":{"line":42,"column":8}},"2":{"start":{"line":44,"column":6},"end":{"line":66,"column":8}}},"fnMap":{"0":{"name":"(anonymous_0)","decl":{"start":{"line":5,"column":2},"end":{"line":5,"column":3}},"loc":{"start":{"line":5,"column":11},"end":{"line":68,"column":3}},"line":5}},"branchMap":{"0":{"loc":{"start":{"line":6,"column":4},"end":{"line":67,"column":5}},"type":"if","locations":[{"start":{"line":6,"column":4},"end":{"line":67,"column":5}},{"start":{"line":6,"column":4},"end":{"line":67,"column":5}}],"line":6},"1":{"loc":{"start":{"line":6,"column":8},"end":{"line":6,"column":36}},"type":"binary-expr","locations":[{"start":{"line":6,"column":8},"end":{"line":6,"column":13}},{"start":{"line":6,"column":17},"end":{"line":6,"column":36}}],"line":6}},"s":{"0":1,"1":0,"2":1},"f":{"0":1},"b":{"0":[0,1],"1":[1,0]},"_coverageSchema":"332fd63041d2c1bcb487cc26dd0d5f7d97098a6c","hash":"f6c6bfb18ed9f022fbbc6e29a0e93993d05e69cb"}
,"/home/milestep/apps/react_todo_client/src/components/home.js": {"path":"/home/milestep/apps/react_todo_client/src/components/home.js","statementMap":{"0":{"start":{"line":5,"column":4},"end":{"line":20,"column":6}}},"fnMap":{"0":{"name":"(anonymous_0)","decl":{"start":{"line":4,"column":2},"end":{"line":4,"column":3}},"loc":{"start":{"line":4,"column":11},"end":{"line":21,"column":3}},"line":4}},"branchMap":{},"s":{"0":1},"f":{"0":1},"b":{},"_coverageSchema":"332fd63041d2c1bcb487cc26dd0d5f7d97098a6c","hash":"a7f57f089cc62adea2c73c9b2f1f9ce2d5e6f3b9"}
,"/home/milestep/apps/react_todo_client/src/components/p404.js": {"path":"/home/milestep/apps/react_todo_client/src/components/p404.js","statementMap":{"0":{"start":{"line":4,"column":4},"end":{"line":11,"column":6}}},"fnMap":{"0":{"name":"(anonymous_0)","decl":{"start":{"line":3,"column":2},"end":{"line":3,"column":3}},"loc":{"start":{"line":3,"column":11},"end":{"line":12,"column":3}},"line":3}},"branchMap":{},"s":{"0":1},"f":{"0":1},"b":{},"_coverageSchema":"332fd63041d2c1bcb487cc26dd0d5f7d97098a6c","hash":"fce46a7a54d61eb2ede26891ff84136249536e32"}
,"/home/milestep/apps/react_todo_client/src/components/constants/apiconfig.js": {"path":"/home/milestep/apps/react_todo_client/src/components/constants/apiconfig.js","statementMap":{"0":{"start":{"line":3,"column":0},"end":{"line":5,"column":36}},"1":{"start":{"line":7,"column":27},"end":{"line":7,"column":44}},"2":{"start":{"line":9,"column":24},"end":{"line":9,"column":38}},"3":{"start":{"line":11,"column":24},"end":{"line":11,"column":38}}},"fnMap":{},"branchMap":{"0":{"loc":{"start":{"line":3,"column":0},"end":{"line":5,"column":35}},"type":"cond-expr","locations":[{"start":{"line":4,"column":5},"end":{"line":4,"column":34}},{"start":{"line":5,"column":5},"end":{"line":5,"column":34}}],"line":3}},"s":{"0":7,"1":7,"2":7,"3":7},"f":{},"b":{"0":[0,7]},"_coverageSchema":"332fd63041d2c1bcb487cc26dd0d5f7d97098a6c","hash":"efe4e4378da9f8a39dd16fd33dac7c1a875932fd"}
,"/home/milestep/apps/react_todo_client/src/components/constants/user.js": {"path":"/home/milestep/apps/react_todo_client/src/components/constants/user.js","statementMap":{"0":{"start":{"line":1,"column":21},"end":{"line":1,"column":62}},"1":{"start":{"line":3,"column":21},"end":{"line":3,"column":50}}},"fnMap":{},"branchMap":{},"s":{"0":6,"1":6},"f":{},"b":{},"_coverageSchema":"332fd63041d2c1bcb487cc26dd0d5f7d97098a6c","hash":"73f85b5fcc0dcd29a548342c70da51adee596973"}
,"/home/milestep/apps/react_todo_client/src/components/tasks/taskadd.js": {"path":"/home/milestep/apps/react_todo_client/src/components/tasks/taskadd.js","statementMap":{"0":{"start":{"line":7,"column":4},"end":{"line":7,"column":12}},"1":{"start":{"line":8,"column":4},"end":{"line":17,"column":6}},"2":{"start":{"line":21,"column":18},"end":{"line":21,"column":48}},"3":{"start":{"line":22,"column":4},"end":{"line":22,"column":36}},"4":{"start":{"line":23,"column":4},"end":{"line":23,"column":45}},"5":{"start":{"line":23,"column":25},"end":{"line":23,"column":42}},"6":{"start":{"line":27,"column":4},"end":{"line":27,"column":29}},"7":{"start":{"line":28,"column":4},"end":{"line":28,"column":42}},"8":{"start":{"line":32,"column":16},"end":{"line":32,"column":51}},"9":{"start":{"line":33,"column":4},"end":{"line":33,"column":27}},"10":{"start":{"line":34,"column":16},"end":{"line":34,"column":31}},"11":{"start":{"line":35,"column":4},"end":{"line":35,"column":33}},"12":{"start":{"line":36,"column":4},"end":{"line":36,"column":43}},"13":{"start":{"line":36,"column":25},"end":{"line":36,"column":40}},"14":{"start":{"line":40,"column":4},"end":{"line":110,"column":6}},"15":{"start":{"line":114,"column":27},"end":{"line":118,"column":2}},"16":{"start":{"line":114,"column":40},"end":{"line":118,"column":1}},"17":{"start":{"line":116,"column":4},"end":{"line":116,"column":28}},"18":{"start":{"line":120,"column":24},"end":{"line":120,"column":37}},"19":{"start":{"line":120,"column":34},"end":{"line":120,"column":36}}},"fnMap":{"0":{"name":"(anonymous_0)","decl":{"start":{"line":6,"column":2},"end":{"line":6,"column":3}},"loc":{"start":{"line":6,"column":16},"end":{"line":18,"column":3}},"line":6},"1":{"name":"(anonymous_1)","decl":{"start":{"line":20,"column":2},"end":{"line":20,"column":3}},"loc":{"start":{"line":20,"column":25},"end":{"line":24,"column":3}},"line":20},"2":{"name":"(anonymous_2)","decl":{"start":{"line":23,"column":18},"end":{"line":23,"column":19}},"loc":{"start":{"line":23,"column":25},"end":{"line":23,"column":42}},"line":23},"3":{"name":"(anonymous_3)","decl":{"start":{"line":26,"column":2},"end":{"line":26,"column":3}},"loc":{"start":{"line":26,"column":24},"end":{"line":29,"column":3}},"line":26},"4":{"name":"(anonymous_4)","decl":{"start":{"line":31,"column":2},"end":{"line":31,"column":3}},"loc":{"start":{"line":31,"column":27},"end":{"line":37,"column":3}},"line":31},"5":{"name":"(anonymous_5)","decl":{"start":{"line":36,"column":18},"end":{"line":36,"column":19}},"loc":{"start":{"line":36,"column":25},"end":{"line":36,"column":40}},"line":36},"6":{"name":"(anonymous_6)","decl":{"start":{"line":39,"column":2},"end":{"line":39,"column":3}},"loc":{"start":{"line":39,"column":11},"end":{"line":111,"column":3}},"line":39},"7":{"name":"(anonymous_7)","decl":{"start":{"line":114,"column":27},"end":{"line":114,"column":28}},"loc":{"start":{"line":114,"column":40},"end":{"line":118,"column":1}},"line":114},"8":{"name":"(anonymous_8)","decl":{"start":{"line":115,"column":13},"end":{"line":115,"column":14}},"loc":{"start":{"line":115,"column":21},"end":{"line":117,"column":3}},"line":115},"9":{"name":"(anonymous_9)","decl":{"start":{"line":120,"column":24},"end":{"line":120,"column":25}},"loc":{"start":{"line":120,"column":34},"end":{"line":120,"column":36}},"line":120}},"branchMap":{},"s":{"0":1,"1":1,"2":0,"3":0,"4":0,"5":0,"6":0,"7":0,"8":0,"9":0,"10":0,"11":0,"12":0,"13":0,"14":1,"15":1,"16":1,"17":0,"18":1,"19":1},"f":{"0":1,"1":0,"2":0,"3":0,"4":0,"5":0,"6":1,"7":1,"8":0,"9":1},"b":{},"_coverageSchema":"332fd63041d2c1bcb487cc26dd0d5f7d97098a6c","hash":"887719aaa7ae8d5a3f302797047daba995be9254"}
,"/home/milestep/apps/react_todo_client/src/components/tasks/taskedit.js": {"path":"/home/milestep/apps/react_todo_client/src/components/tasks/taskedit.js","statementMap":{"0":{"start":{"line":9,"column":4},"end":{"line":9,"column":12}},"1":{"start":{"line":10,"column":4},"end":{"line":18,"column":6}},"2":{"start":{"line":36,"column":13},"end":{"line":36,"column":39}},"3":{"start":{"line":37,"column":4},"end":{"line":37,"column":45}},"4":{"start":{"line":41,"column":4},"end":{"line":41,"column":52}},"5":{"start":{"line":41,"column":25},"end":{"line":41,"column":49}},"6":{"start":{"line":45,"column":18},"end":{"line":45,"column":48}},"7":{"start":{"line":46,"column":4},"end":{"line":46,"column":36}},"8":{"start":{"line":47,"column":4},"end":{"line":47,"column":45}},"9":{"start":{"line":47,"column":25},"end":{"line":47,"column":42}},"10":{"start":{"line":51,"column":4},"end":{"line":51,"column":29}},"11":{"start":{"line":52,"column":4},"end":{"line":52,"column":43}},"12":{"start":{"line":56,"column":16},"end":{"line":56,"column":51}},"13":{"start":{"line":57,"column":4},"end":{"line":57,"column":27}},"14":{"start":{"line":58,"column":16},"end":{"line":58,"column":31}},"15":{"start":{"line":59,"column":4},"end":{"line":59,"column":33}},"16":{"start":{"line":60,"column":4},"end":{"line":60,"column":43}},"17":{"start":{"line":60,"column":25},"end":{"line":60,"column":40}},"18":{"start":{"line":64,"column":17},"end":{"line":64,"column":32}},"19":{"start":{"line":65,"column":4},"end":{"line":139,"column":6}},"20":{"start":{"line":143,"column":24},"end":{"line":145,"column":2}},"21":{"start":{"line":143,"column":34},"end":{"line":145,"column":1}},"22":{"start":{"line":147,"column":27},"end":{"line":151,"column":2}},"23":{"start":{"line":147,"column":40},"end":{"line":151,"column":1}},"24":{"start":{"line":149,"column":4},"end":{"line":149,"column":29}}},"fnMap":{"0":{"name":"(anonymous_0)","decl":{"start":{"line":8,"column":2},"end":{"line":8,"column":3}},"loc":{"start":{"line":8,"column":16},"end":{"line":19,"column":3}},"line":8},"1":{"name":"(anonymous_1)","decl":{"start":{"line":35,"column":2},"end":{"line":35,"column":3}},"loc":{"start":{"line":35,"column":22},"end":{"line":38,"column":3}},"line":35},"2":{"name":"(anonymous_2)","decl":{"start":{"line":40,"column":2},"end":{"line":40,"column":3}},"loc":{"start":{"line":40,"column":39},"end":{"line":42,"column":3}},"line":40},"3":{"name":"(anonymous_3)","decl":{"start":{"line":41,"column":18},"end":{"line":41,"column":19}},"loc":{"start":{"line":41,"column":25},"end":{"line":41,"column":49}},"line":41},"4":{"name":"(anonymous_4)","decl":{"start":{"line":44,"column":2},"end":{"line":44,"column":3}},"loc":{"start":{"line":44,"column":25},"end":{"line":48,"column":3}},"line":44},"5":{"name":"(anonymous_5)","decl":{"start":{"line":47,"column":18},"end":{"line":47,"column":19}},"loc":{"start":{"line":47,"column":25},"end":{"line":47,"column":42}},"line":47},"6":{"name":"(anonymous_6)","decl":{"start":{"line":50,"column":2},"end":{"line":50,"column":3}},"loc":{"start":{"line":50,"column":24},"end":{"line":53,"column":3}},"line":50},"7":{"name":"(anonymous_7)","decl":{"start":{"line":55,"column":2},"end":{"line":55,"column":3}},"loc":{"start":{"line":55,"column":27},"end":{"line":61,"column":3}},"line":55},"8":{"name":"(anonymous_8)","decl":{"start":{"line":60,"column":18},"end":{"line":60,"column":19}},"loc":{"start":{"line":60,"column":25},"end":{"line":60,"column":40}},"line":60},"9":{"name":"(anonymous_9)","decl":{"start":{"line":63,"column":2},"end":{"line":63,"column":3}},"loc":{"start":{"line":63,"column":11},"end":{"line":140,"column":3}},"line":63},"10":{"name":"(anonymous_10)","decl":{"start":{"line":143,"column":24},"end":{"line":143,"column":25}},"loc":{"start":{"line":143,"column":34},"end":{"line":145,"column":1}},"line":143},"11":{"name":"(anonymous_11)","decl":{"start":{"line":147,"column":27},"end":{"line":147,"column":28}},"loc":{"start":{"line":147,"column":40},"end":{"line":151,"column":1}},"line":147},"12":{"name":"(anonymous_12)","decl":{"start":{"line":148,"column":14},"end":{"line":148,"column":15}},"loc":{"start":{"line":148,"column":22},"end":{"line":150,"column":3}},"line":148}},"branchMap":{},"s":{"0":1,"1":1,"2":1,"3":1,"4":0,"5":0,"6":0,"7":0,"8":0,"9":0,"10":0,"11":0,"12":0,"13":0,"14":0,"15":0,"16":0,"17":0,"18":1,"19":1,"20":1,"21":1,"22":1,"23":1,"24":0},"f":{"0":1,"1":1,"2":0,"3":0,"4":0,"5":0,"6":0,"7":0,"8":0,"9":1,"10":1,"11":1,"12":0},"b":{},"_coverageSchema":"332fd63041d2c1bcb487cc26dd0d5f7d97098a6c","hash":"4d6276457f7bfc4f90edd8f5782b51c4a5a8b4f7"}
,"/home/milestep/apps/react_todo_client/src/components/tasks/taskprofile.js": {"path":"/home/milestep/apps/react_todo_client/src/components/tasks/taskprofile.js","statementMap":{"0":{"start":{"line":10,"column":15},"end":{"line":10,"column":41}},"1":{"start":{"line":11,"column":4},"end":{"line":11,"column":29}},"2":{"start":{"line":25,"column":4},"end":{"line":25,"column":32}},"3":{"start":{"line":26,"column":4},"end":{"line":26,"column":19}},"4":{"start":{"line":30,"column":4},"end":{"line":30,"column":36}},"5":{"start":{"line":31,"column":4},"end":{"line":31,"column":24}},"6":{"start":{"line":35,"column":21},"end":{"line":35,"column":31}},"7":{"start":{"line":37,"column":6},"end":{"line":43,"column":12}},"8":{"start":{"line":45,"column":6},"end":{"line":51,"column":12}},"9":{"start":{"line":52,"column":4},"end":{"line":110,"column":6}},"10":{"start":{"line":114,"column":24},"end":{"line":116,"column":2}},"11":{"start":{"line":114,"column":34},"end":{"line":116,"column":1}},"12":{"start":{"line":118,"column":27},"end":{"line":128,"column":2}},"13":{"start":{"line":118,"column":40},"end":{"line":128,"column":1}},"14":{"start":{"line":120,"column":4},"end":{"line":120,"column":26}},"15":{"start":{"line":123,"column":4},"end":{"line":123,"column":29}},"16":{"start":{"line":126,"column":4},"end":{"line":126,"column":33}}},"fnMap":{"0":{"name":"(anonymous_0)","decl":{"start":{"line":9,"column":2},"end":{"line":9,"column":3}},"loc":{"start":{"line":9,"column":22},"end":{"line":12,"column":3}},"line":9},"1":{"name":"(anonymous_1)","decl":{"start":{"line":24,"column":2},"end":{"line":24,"column":3}},"loc":{"start":{"line":24,"column":19},"end":{"line":27,"column":3}},"line":24},"2":{"name":"(anonymous_2)","decl":{"start":{"line":29,"column":2},"end":{"line":29,"column":3}},"loc":{"start":{"line":29,"column":23},"end":{"line":32,"column":3}},"line":29},"3":{"name":"(anonymous_3)","decl":{"start":{"line":34,"column":2},"end":{"line":34,"column":3}},"loc":{"start":{"line":34,"column":11},"end":{"line":111,"column":3}},"line":34},"4":{"name":"(anonymous_4)","decl":{"start":{"line":114,"column":24},"end":{"line":114,"column":25}},"loc":{"start":{"line":114,"column":34},"end":{"line":116,"column":1}},"line":114},"5":{"name":"(anonymous_5)","decl":{"start":{"line":118,"column":27},"end":{"line":118,"column":28}},"loc":{"start":{"line":118,"column":40},"end":{"line":128,"column":1}},"line":118},"6":{"name":"(anonymous_6)","decl":{"start":{"line":119,"column":13},"end":{"line":119,"column":14}},"loc":{"start":{"line":119,"column":19},"end":{"line":121,"column":3}},"line":119},"7":{"name":"(anonymous_7)","decl":{"start":{"line":122,"column":16},"end":{"line":122,"column":17}},"loc":{"start":{"line":122,"column":22},"end":{"line":124,"column":3}},"line":122},"8":{"name":"(anonymous_8)","decl":{"start":{"line":125,"column":14},"end":{"line":125,"column":15}},"loc":{"start":{"line":125,"column":28},"end":{"line":127,"column":3}},"line":125}},"branchMap":{"0":{"loc":{"start":{"line":37,"column":6},"end":{"line":43,"column":12}},"type":"cond-expr","locations":[{"start":{"line":38,"column":10},"end":{"line":38,"column":27}},{"start":{"line":39,"column":10},"end":{"line":43,"column":12}}],"line":37},"1":{"loc":{"start":{"line":39,"column":10},"end":{"line":43,"column":12}},"type":"cond-expr","locations":[{"start":{"line":40,"column":10},"end":{"line":40,"column":27}},{"start":{"line":41,"column":10},"end":{"line":43,"column":12}}],"line":39},"2":{"loc":{"start":{"line":41,"column":10},"end":{"line":43,"column":12}},"type":"cond-expr","locations":[{"start":{"line":42,"column":10},"end":{"line":42,"column":29}},{"start":{"line":43,"column":10},"end":{"line":43,"column":12}}],"line":41},"3":{"loc":{"start":{"line":45,"column":6},"end":{"line":51,"column":12}},"type":"cond-expr","locations":[{"start":{"line":46,"column":10},"end":{"line":46,"column":16}},{"start":{"line":47,"column":10},"end":{"line":51,"column":12}}],"line":45},"4":{"loc":{"start":{"line":47,"column":10},"end":{"line":51,"column":12}},"type":"cond-expr","locations":[{"start":{"line":48,"column":10},"end":{"line":48,"column":18}},{"start":{"line":49,"column":10},"end":{"line":51,"column":12}}],"line":47},"5":{"loc":{"start":{"line":49,"column":10},"end":{"line":51,"column":12}},"type":"cond-expr","locations":[{"start":{"line":50,"column":10},"end":{"line":50,"column":15}},{"start":{"line":51,"column":10},"end":{"line":51,"column":12}}],"line":49},"6":{"loc":{"start":{"line":74,"column":20},"end":{"line":78,"column":26}},"type":"cond-expr","locations":[{"start":{"line":75,"column":24},"end":{"line":75,"column":38}},{"start":{"line":76,"column":24},"end":{"line":78,"column":26}}],"line":74},"7":{"loc":{"start":{"line":76,"column":24},"end":{"line":78,"column":26}},"type":"cond-expr","locations":[{"start":{"line":77,"column":24},"end":{"line":77,"column":41}},{"start":{"line":78,"column":24},"end":{"line":78,"column":26}}],"line":76},"8":{"loc":{"start":{"line":81,"column":19},"end":{"line":81,"column":71}},"type":"cond-expr","locations":[{"start":{"line":81,"column":32},"end":{"line":81,"column":40}},{"start":{"line":81,"column":43},"end":{"line":81,"column":71}}],"line":81},"9":{"loc":{"start":{"line":81,"column":43},"end":{"line":81,"column":71}},"type":"cond-expr","locations":[{"start":{"line":81,"column":55},"end":{"line":81,"column":66}},{"start":{"line":81,"column":69},"end":{"line":81,"column":71}}],"line":81},"10":{"loc":{"start":{"line":87,"column":18},"end":{"line":91,"column":24}},"type":"cond-expr","locations":[{"start":{"line":88,"column":22},"end":{"line":88,"column":52}},{"start":{"line":89,"column":22},"end":{"line":91,"column":24}}],"line":87},"11":{"loc":{"start":{"line":89,"column":22},"end":{"line":91,"column":24}},"type":"cond-expr","locations":[{"start":{"line":90,"column":22},"end":{"line":90,"column":49}},{"start":{"line":91,"column":22},"end":{"line":91,"column":24}}],"line":89},"12":{"loc":{"start":{"line":95,"column":17},"end":{"line":95,"column":70}},"type":"cond-expr","locations":[{"start":{"line":95,"column":30},"end":{"line":95,"column":40}},{"start":{"line":95,"column":43},"end":{"line":95,"column":70}}],"line":95},"13":{"loc":{"start":{"line":95,"column":43},"end":{"line":95,"column":70}},"type":"cond-expr","locations":[{"start":{"line":95,"column":55},"end":{"line":95,"column":65}},{"start":{"line":95,"column":68},"end":{"line":95,"column":70}}],"line":95}},"s":{"0":1,"1":1,"2":0,"3":0,"4":0,"5":0,"6":1,"7":1,"8":1,"9":1,"10":1,"11":1,"12":1,"13":1,"14":1,"15":0,"16":0},"f":{"0":1,"1":0,"2":0,"3":1,"4":1,"5":1,"6":1,"7":0,"8":0},"b":{"0":[0,1],"1":[0,1],"2":[0,1],"3":[0,1],"4":[0,1],"5":[0,1],"6":[1,0],"7":[0,0],"8":[1,0],"9":[0,0],"10":[1,0],"11":[0,0],"12":[1,0],"13":[0,0]},"_coverageSchema":"332fd63041d2c1bcb487cc26dd0d5f7d97098a6c","hash":"918bae724f7f369ca21e8b8a7f946af7827f81d5"}
,"/home/milestep/apps/react_todo_client/src/components/tasks/tasksdel.js": {"path":"/home/milestep/apps/react_todo_client/src/components/tasks/tasksdel.js","statementMap":{"0":{"start":{"line":13,"column":4},"end":{"line":13,"column":17}},"1":{"start":{"line":14,"column":4},"end":{"line":17,"column":6}},"2":{"start":{"line":25,"column":4},"end":{"line":25,"column":44}},"3":{"start":{"line":29,"column":4},"end":{"line":29,"column":46}},"4":{"start":{"line":33,"column":16},"end":{"line":33,"column":34}},"5":{"start":{"line":34,"column":16},"end":{"line":34,"column":35}},"6":{"start":{"line":35,"column":4},"end":{"line":39,"column":5}},"7":{"start":{"line":36,"column":6},"end":{"line":36,"column":29}},"8":{"start":{"line":38,"column":6},"end":{"line":38,"column":23}},"9":{"start":{"line":40,"column":4},"end":{"line":40,"column":46}},"10":{"start":{"line":40,"column":25},"end":{"line":40,"column":43}},"11":{"start":{"line":44,"column":4},"end":{"line":44,"column":51}},"12":{"start":{"line":48,"column":25},"end":{"line":48,"column":27}},"13":{"start":{"line":49,"column":4},"end":{"line":51,"column":7}},"14":{"start":{"line":50,"column":6},"end":{"line":50,"column":33}},"15":{"start":{"line":52,"column":4},"end":{"line":52,"column":53}},"16":{"start":{"line":52,"column":25},"end":{"line":52,"column":50}},"17":{"start":{"line":56,"column":4},"end":{"line":56,"column":43}},"18":{"start":{"line":56,"column":25},"end":{"line":56,"column":40}},"19":{"start":{"line":60,"column":4},"end":{"line":60,"column":60}},"20":{"start":{"line":60,"column":47},"end":{"line":60,"column":60}},"21":{"start":{"line":61,"column":4},"end":{"line":61,"column":16}},"22":{"start":{"line":65,"column":4},"end":{"line":172,"column":6}},"23":{"start":{"line":92,"column":12},"end":{"line":138,"column":13}},"24":{"start":{"line":94,"column":16},"end":{"line":100,"column":22}},"25":{"start":{"line":102,"column":16},"end":{"line":108,"column":22}},"26":{"start":{"line":110,"column":14},"end":{"line":137,"column":16}},"27":{"start":{"line":141,"column":12},"end":{"line":168,"column":13}},"28":{"start":{"line":142,"column":14},"end":{"line":167,"column":16}},"29":{"start":{"line":176,"column":24},"end":{"line":178,"column":2}},"30":{"start":{"line":176,"column":34},"end":{"line":178,"column":1}},"31":{"start":{"line":180,"column":27},"end":{"line":190,"column":2}},"32":{"start":{"line":180,"column":40},"end":{"line":190,"column":1}},"33":{"start":{"line":182,"column":4},"end":{"line":182,"column":33}},"34":{"start":{"line":185,"column":4},"end":{"line":185,"column":29}},"35":{"start":{"line":188,"column":4},"end":{"line":188,"column":38}}},"fnMap":{"0":{"name":"(anonymous_0)","decl":{"start":{"line":12,"column":2},"end":{"line":12,"column":3}},"loc":{"start":{"line":12,"column":21},"end":{"line":18,"column":3}},"line":12},"1":{"name":"(anonymous_1)","decl":{"start":{"line":24,"column":2},"end":{"line":24,"column":3}},"loc":{"start":{"line":24,"column":22},"end":{"line":26,"column":3}},"line":24},"2":{"name":"(anonymous_2)","decl":{"start":{"line":28,"column":2},"end":{"line":28,"column":3}},"loc":{"start":{"line":28,"column":39},"end":{"line":30,"column":3}},"line":28},"3":{"name":"(anonymous_3)","decl":{"start":{"line":32,"column":2},"end":{"line":32,"column":3}},"loc":{"start":{"line":32,"column":20},"end":{"line":41,"column":3}},"line":32},"4":{"name":"(anonymous_4)","decl":{"start":{"line":40,"column":18},"end":{"line":40,"column":19}},"loc":{"start":{"line":40,"column":25},"end":{"line":40,"column":43}},"line":40},"5":{"name":"(anonymous_5)","decl":{"start":{"line":43,"column":2},"end":{"line":43,"column":3}},"loc":{"start":{"line":43,"column":24},"end":{"line":45,"column":3}},"line":43},"6":{"name":"(anonymous_6)","decl":{"start":{"line":47,"column":2},"end":{"line":47,"column":3}},"loc":{"start":{"line":47,"column":18},"end":{"line":53,"column":3}},"line":47},"7":{"name":"(anonymous_7)","decl":{"start":{"line":49,"column":25},"end":{"line":49,"column":26}},"loc":{"start":{"line":49,"column":33},"end":{"line":51,"column":5}},"line":49},"8":{"name":"(anonymous_8)","decl":{"start":{"line":52,"column":18},"end":{"line":52,"column":19}},"loc":{"start":{"line":52,"column":25},"end":{"line":52,"column":50}},"line":52},"9":{"name":"(anonymous_9)","decl":{"start":{"line":55,"column":2},"end":{"line":55,"column":3}},"loc":{"start":{"line":55,"column":20},"end":{"line":57,"column":3}},"line":55},"10":{"name":"(anonymous_10)","decl":{"start":{"line":56,"column":18},"end":{"line":56,"column":19}},"loc":{"start":{"line":56,"column":25},"end":{"line":56,"column":40}},"line":56},"11":{"name":"(anonymous_11)","decl":{"start":{"line":59,"column":14},"end":{"line":59,"column":15}},"loc":{"start":{"line":59,"column":20},"end":{"line":62,"column":3}},"line":59},"12":{"name":"(anonymous_12)","decl":{"start":{"line":64,"column":2},"end":{"line":64,"column":3}},"loc":{"start":{"line":64,"column":11},"end":{"line":173,"column":3}},"line":64},"13":{"name":"(anonymous_13)","decl":{"start":{"line":91,"column":32},"end":{"line":91,"column":33}},"loc":{"start":{"line":91,"column":40},"end":{"line":139,"column":11}},"line":91},"14":{"name":"(anonymous_14)","decl":{"start":{"line":140,"column":32},"end":{"line":140,"column":33}},"loc":{"start":{"line":140,"column":40},"end":{"line":169,"column":11}},"line":140},"15":{"name":"(anonymous_15)","decl":{"start":{"line":176,"column":24},"end":{"line":176,"column":25}},"loc":{"start":{"line":176,"column":34},"end":{"line":178,"column":1}},"line":176},"16":{"name":"(anonymous_16)","decl":{"start":{"line":180,"column":27},"end":{"line":180,"column":28}},"loc":{"start":{"line":180,"column":40},"end":{"line":190,"column":1}},"line":180},"17":{"name":"(anonymous_17)","decl":{"start":{"line":181,"column":14},"end":{"line":181,"column":15}},"loc":{"start":{"line":181,"column":28},"end":{"line":183,"column":3}},"line":181},"18":{"name":"(anonymous_18)","decl":{"start":{"line":184,"column":16},"end":{"line":184,"column":17}},"loc":{"start":{"line":184,"column":22},"end":{"line":186,"column":3}},"line":184},"19":{"name":"(anonymous_19)","decl":{"start":{"line":187,"column":19},"end":{"line":187,"column":20}},"loc":{"start":{"line":187,"column":26},"end":{"line":189,"column":3}},"line":187}},"branchMap":{"0":{"loc":{"start":{"line":35,"column":4},"end":{"line":39,"column":5}},"type":"if","locations":[{"start":{"line":35,"column":4},"end":{"line":39,"column":5}},{"start":{"line":35,"column":4},"end":{"line":39,"column":5}}],"line":35},"1":{"loc":{"start":{"line":60,"column":4},"end":{"line":60,"column":60}},"type":"if","locations":[{"start":{"line":60,"column":4},"end":{"line":60,"column":60}},{"start":{"line":60,"column":4},"end":{"line":60,"column":60}}],"line":60},"2":{"loc":{"start":{"line":92,"column":12},"end":{"line":138,"column":13}},"type":"if","locations":[{"start":{"line":92,"column":12},"end":{"line":138,"column":13}},{"start":{"line":92,"column":12},"end":{"line":138,"column":13}}],"line":92},"3":{"loc":{"start":{"line":94,"column":16},"end":{"line":100,"column":22}},"type":"cond-expr","locations":[{"start":{"line":95,"column":20},"end":{"line":95,"column":37}},{"start":{"line":96,"column":20},"end":{"line":100,"column":22}}],"line":94},"4":{"loc":{"start":{"line":96,"column":20},"end":{"line":100,"column":22}},"type":"cond-expr","locations":[{"start":{"line":97,"column":20},"end":{"line":97,"column":37}},{"start":{"line":98,"column":20},"end":{"line":100,"column":22}}],"line":96},"5":{"loc":{"start":{"line":98,"column":20},"end":{"line":100,"column":22}},"type":"cond-expr","locations":[{"start":{"line":99,"column":20},"end":{"line":99,"column":39}},{"start":{"line":100,"column":20},"end":{"line":100,"column":22}}],"line":98},"6":{"loc":{"start":{"line":102,"column":16},"end":{"line":108,"column":22}},"type":"cond-expr","locations":[{"start":{"line":103,"column":20},"end":{"line":103,"column":26}},{"start":{"line":104,"column":20},"end":{"line":108,"column":22}}],"line":102},"7":{"loc":{"start":{"line":104,"column":20},"end":{"line":108,"column":22}},"type":"cond-expr","locations":[{"start":{"line":105,"column":20},"end":{"line":105,"column":28}},{"start":{"line":106,"column":20},"end":{"line":108,"column":22}}],"line":104},"8":{"loc":{"start":{"line":106,"column":20},"end":{"line":108,"column":22}},"type":"cond-expr","locations":[{"start":{"line":107,"column":20},"end":{"line":107,"column":25}},{"start":{"line":108,"column":20},"end":{"line":108,"column":22}}],"line":106},"9":{"loc":{"start":{"line":141,"column":12},"end":{"line":168,"column":13}},"type":"if","locations":[{"start":{"line":141,"column":12},"end":{"line":168,"column":13}},{"start":{"line":141,"column":12},"end":{"line":168,"column":13}}],"line":141}},"s":{"0":1,"1":1,"2":1,"3":0,"4":0,"5":0,"6":0,"7":0,"8":0,"9":0,"10":0,"11":0,"12":0,"13":0,"14":0,"15":0,"16":0,"17":0,"18":0,"19":3,"20":3,"21":0,"22":2,"23":3,"24":2,"25":2,"26":2,"27":3,"28":1,"29":1,"30":1,"31":1,"32":1,"33":0,"34":0,"35":0},"f":{"0":1,"1":1,"2":0,"3":0,"4":0,"5":0,"6":0,"7":0,"8":0,"9":0,"10":0,"11":3,"12":2,"13":3,"14":3,"15":1,"16":1,"17":0,"18":0,"19":0},"b":{"0":[0,0],"1":[3,0],"2":[2,1],"3":[0,2],"4":[0,2],"5":[0,2],"6":[0,2],"7":[0,2],"8":[0,2],"9":[1,2]},"_coverageSchema":"332fd63041d2c1bcb487cc26dd0d5f7d97098a6c","hash":"6992aed2a552fe2aab8d3974f025d75602058b38"}
,"/home/milestep/apps/react_todo_client/src/components/tasks/taskslist.js": {"path":"/home/milestep/apps/react_todo_client/src/components/tasks/taskslist.js","statementMap":{"0":{"start":{"line":8,"column":4},"end":{"line":8,"column":17}},"1":{"start":{"line":9,"column":4},"end":{"line":11,"column":6}},"2":{"start":{"line":29,"column":4},"end":{"line":29,"column":44}},"3":{"start":{"line":33,"column":4},"end":{"line":33,"column":54}},"4":{"start":{"line":33,"column":25},"end":{"line":33,"column":51}},"5":{"start":{"line":34,"column":4},"end":{"line":34,"column":33}},"6":{"start":{"line":38,"column":4},"end":{"line":38,"column":32}},"7":{"start":{"line":42,"column":16},"end":{"line":42,"column":37}},"8":{"start":{"line":43,"column":4},"end":{"line":45,"column":7}},"9":{"start":{"line":44,"column":6},"end":{"line":44,"column":31}},"10":{"start":{"line":46,"column":4},"end":{"line":46,"column":44}},"11":{"start":{"line":46,"column":25},"end":{"line":46,"column":41}},"12":{"start":{"line":50,"column":16},"end":{"line":50,"column":37}},"13":{"start":{"line":51,"column":4},"end":{"line":53,"column":7}},"14":{"start":{"line":52,"column":6},"end":{"line":52,"column":37}},"15":{"start":{"line":54,"column":4},"end":{"line":54,"column":44}},"16":{"start":{"line":54,"column":25},"end":{"line":54,"column":41}},"17":{"start":{"line":58,"column":4},"end":{"line":148,"column":6}},"18":{"start":{"line":76,"column":12},"end":{"line":117,"column":13}},"19":{"start":{"line":78,"column":16},"end":{"line":84,"column":22}},"20":{"start":{"line":86,"column":16},"end":{"line":92,"column":22}},"21":{"start":{"line":93,"column":14},"end":{"line":116,"column":16}},"22":{"start":{"line":120,"column":12},"end":{"line":144,"column":13}},"23":{"start":{"line":121,"column":14},"end":{"line":143,"column":16}},"24":{"start":{"line":152,"column":24},"end":{"line":154,"column":2}},"25":{"start":{"line":152,"column":34},"end":{"line":154,"column":1}},"26":{"start":{"line":156,"column":27},"end":{"line":163,"column":2}},"27":{"start":{"line":156,"column":40},"end":{"line":163,"column":1}},"28":{"start":{"line":158,"column":4},"end":{"line":158,"column":33}},"29":{"start":{"line":161,"column":4},"end":{"line":161,"column":29}}},"fnMap":{"0":{"name":"(anonymous_0)","decl":{"start":{"line":7,"column":2},"end":{"line":7,"column":3}},"loc":{"start":{"line":7,"column":21},"end":{"line":12,"column":3}},"line":7},"1":{"name":"(anonymous_1)","decl":{"start":{"line":28,"column":2},"end":{"line":28,"column":3}},"loc":{"start":{"line":28,"column":22},"end":{"line":30,"column":3}},"line":28},"2":{"name":"(anonymous_2)","decl":{"start":{"line":32,"column":2},"end":{"line":32,"column":3}},"loc":{"start":{"line":32,"column":39},"end":{"line":35,"column":3}},"line":32},"3":{"name":"(anonymous_3)","decl":{"start":{"line":33,"column":18},"end":{"line":33,"column":19}},"loc":{"start":{"line":33,"column":25},"end":{"line":33,"column":51}},"line":33},"4":{"name":"(anonymous_4)","decl":{"start":{"line":37,"column":2},"end":{"line":37,"column":3}},"loc":{"start":{"line":37,"column":19},"end":{"line":39,"column":3}},"line":37},"5":{"name":"(anonymous_5)","decl":{"start":{"line":41,"column":2},"end":{"line":41,"column":3}},"loc":{"start":{"line":41,"column":22},"end":{"line":47,"column":3}},"line":41},"6":{"name":"(anonymous_6)","decl":{"start":{"line":43,"column":15},"end":{"line":43,"column":16}},"loc":{"start":{"line":43,"column":25},"end":{"line":45,"column":5}},"line":43},"7":{"name":"(anonymous_7)","decl":{"start":{"line":46,"column":18},"end":{"line":46,"column":19}},"loc":{"start":{"line":46,"column":25},"end":{"line":46,"column":41}},"line":46},"8":{"name":"(anonymous_8)","decl":{"start":{"line":49,"column":2},"end":{"line":49,"column":3}},"loc":{"start":{"line":49,"column":22},"end":{"line":55,"column":3}},"line":49},"9":{"name":"(anonymous_9)","decl":{"start":{"line":51,"column":15},"end":{"line":51,"column":16}},"loc":{"start":{"line":51,"column":25},"end":{"line":53,"column":5}},"line":51},"10":{"name":"(anonymous_10)","decl":{"start":{"line":54,"column":18},"end":{"line":54,"column":19}},"loc":{"start":{"line":54,"column":25},"end":{"line":54,"column":41}},"line":54},"11":{"name":"(anonymous_11)","decl":{"start":{"line":57,"column":2},"end":{"line":57,"column":3}},"loc":{"start":{"line":57,"column":11},"end":{"line":149,"column":3}},"line":57},"12":{"name":"(anonymous_12)","decl":{"start":{"line":75,"column":32},"end":{"line":75,"column":33}},"loc":{"start":{"line":75,"column":40},"end":{"line":118,"column":11}},"line":75},"13":{"name":"(anonymous_13)","decl":{"start":{"line":119,"column":32},"end":{"line":119,"column":33}},"loc":{"start":{"line":119,"column":40},"end":{"line":145,"column":11}},"line":119},"14":{"name":"(anonymous_14)","decl":{"start":{"line":152,"column":24},"end":{"line":152,"column":25}},"loc":{"start":{"line":152,"column":34},"end":{"line":154,"column":1}},"line":152},"15":{"name":"(anonymous_15)","decl":{"start":{"line":156,"column":27},"end":{"line":156,"column":28}},"loc":{"start":{"line":156,"column":40},"end":{"line":163,"column":1}},"line":156},"16":{"name":"(anonymous_16)","decl":{"start":{"line":157,"column":14},"end":{"line":157,"column":15}},"loc":{"start":{"line":157,"column":28},"end":{"line":159,"column":3}},"line":157},"17":{"name":"(anonymous_17)","decl":{"start":{"line":160,"column":16},"end":{"line":160,"column":17}},"loc":{"start":{"line":160,"column":22},"end":{"line":162,"column":3}},"line":160}},"branchMap":{"0":{"loc":{"start":{"line":76,"column":12},"end":{"line":117,"column":13}},"type":"if","locations":[{"start":{"line":76,"column":12},"end":{"line":117,"column":13}},{"start":{"line":76,"column":12},"end":{"line":117,"column":13}}],"line":76},"1":{"loc":{"start":{"line":78,"column":16},"end":{"line":84,"column":22}},"type":"cond-expr","locations":[{"start":{"line":79,"column":20},"end":{"line":79,"column":37}},{"start":{"line":80,"column":20},"end":{"line":84,"column":22}}],"line":78},"2":{"loc":{"start":{"line":80,"column":20},"end":{"line":84,"column":22}},"type":"cond-expr","locations":[{"start":{"line":81,"column":20},"end":{"line":81,"column":37}},{"start":{"line":82,"column":20},"end":{"line":84,"column":22}}],"line":80},"3":{"loc":{"start":{"line":82,"column":20},"end":{"line":84,"column":22}},"type":"cond-expr","locations":[{"start":{"line":83,"column":20},"end":{"line":83,"column":39}},{"start":{"line":84,"column":20},"end":{"line":84,"column":22}}],"line":82},"4":{"loc":{"start":{"line":86,"column":16},"end":{"line":92,"column":22}},"type":"cond-expr","locations":[{"start":{"line":87,"column":20},"end":{"line":87,"column":26}},{"start":{"line":88,"column":20},"end":{"line":92,"column":22}}],"line":86},"5":{"loc":{"start":{"line":88,"column":20},"end":{"line":92,"column":22}},"type":"cond-expr","locations":[{"start":{"line":89,"column":20},"end":{"line":89,"column":28}},{"start":{"line":90,"column":20},"end":{"line":92,"column":22}}],"line":88},"6":{"loc":{"start":{"line":90,"column":20},"end":{"line":92,"column":22}},"type":"cond-expr","locations":[{"start":{"line":91,"column":20},"end":{"line":91,"column":25}},{"start":{"line":92,"column":20},"end":{"line":92,"column":22}}],"line":90},"7":{"loc":{"start":{"line":120,"column":12},"end":{"line":144,"column":13}},"type":"if","locations":[{"start":{"line":120,"column":12},"end":{"line":144,"column":13}},{"start":{"line":120,"column":12},"end":{"line":144,"column":13}}],"line":120}},"s":{"0":1,"1":1,"2":1,"3":0,"4":0,"5":0,"6":0,"7":0,"8":0,"9":0,"10":0,"11":0,"12":0,"13":0,"14":0,"15":0,"16":0,"17":2,"18":3,"19":2,"20":2,"21":2,"22":3,"23":1,"24":1,"25":1,"26":1,"27":1,"28":0,"29":0},"f":{"0":1,"1":1,"2":0,"3":0,"4":0,"5":0,"6":0,"7":0,"8":0,"9":0,"10":0,"11":2,"12":3,"13":3,"14":1,"15":1,"16":0,"17":0},"b":{"0":[2,1],"1":[0,2],"2":[0,2],"3":[0,2],"4":[0,2],"5":[0,2],"6":[0,2],"7":[1,2]},"_coverageSchema":"332fd63041d2c1bcb487cc26dd0d5f7d97098a6c","hash":"da9be563c029ff4143b2a913f91a695444b83811"}
,"/home/milestep/apps/react_todo_client/src/components/users/signin.js": {"path":"/home/milestep/apps/react_todo_client/src/components/users/signin.js","statementMap":{"0":{"start":{"line":6,"column":4},"end":{"line":6,"column":17}},"1":{"start":{"line":7,"column":4},"end":{"line":12,"column":6}},"2":{"start":{"line":16,"column":4},"end":{"line":16,"column":23}},"3":{"start":{"line":17,"column":4},"end":{"line":17,"column":44}},"4":{"start":{"line":18,"column":4},"end":{"line":18,"column":36}},"5":{"start":{"line":22,"column":23},"end":{"line":22,"column":56}},"6":{"start":{"line":23,"column":4},"end":{"line":23,"column":7}},"7":{"start":{"line":24,"column":4},"end":{"line":24,"column":39}},"8":{"start":{"line":25,"column":4},"end":{"line":25,"column":43}},"9":{"start":{"line":29,"column":4},"end":{"line":61,"column":6}},"10":{"start":{"line":65,"column":24},"end":{"line":65,"column":37}},"11":{"start":{"line":65,"column":34},"end":{"line":65,"column":36}},"12":{"start":{"line":67,"column":27},"end":{"line":71,"column":2}},"13":{"start":{"line":67,"column":40},"end":{"line":71,"column":1}},"14":{"start":{"line":69,"column":4},"end":{"line":69,"column":30}}},"fnMap":{"0":{"name":"(anonymous_0)","decl":{"start":{"line":5,"column":2},"end":{"line":5,"column":3}},"loc":{"start":{"line":5,"column":21},"end":{"line":13,"column":3}},"line":5},"1":{"name":"(anonymous_1)","decl":{"start":{"line":15,"column":2},"end":{"line":15,"column":3}},"loc":{"start":{"line":15,"column":18},"end":{"line":19,"column":3}},"line":15},"2":{"name":"(anonymous_2)","decl":{"start":{"line":21,"column":2},"end":{"line":21,"column":3}},"loc":{"start":{"line":21,"column":25},"end":{"line":26,"column":3}},"line":21},"3":{"name":"(anonymous_3)","decl":{"start":{"line":28,"column":2},"end":{"line":28,"column":3}},"loc":{"start":{"line":28,"column":11},"end":{"line":62,"column":3}},"line":28},"4":{"name":"(anonymous_4)","decl":{"start":{"line":65,"column":24},"end":{"line":65,"column":25}},"loc":{"start":{"line":65,"column":34},"end":{"line":65,"column":36}},"line":65},"5":{"name":"(anonymous_5)","decl":{"start":{"line":67,"column":27},"end":{"line":67,"column":28}},"loc":{"start":{"line":67,"column":40},"end":{"line":71,"column":1}},"line":67},"6":{"name":"(anonymous_6)","decl":{"start":{"line":68,"column":12},"end":{"line":68,"column":13}},"loc":{"start":{"line":68,"column":23},"end":{"line":70,"column":3}},"line":68}},"branchMap":{},"s":{"0":1,"1":1,"2":0,"3":0,"4":0,"5":0,"6":0,"7":0,"8":0,"9":1,"10":1,"11":1,"12":1,"13":1,"14":0},"f":{"0":1,"1":0,"2":0,"3":1,"4":1,"5":1,"6":0},"b":{},"_coverageSchema":"332fd63041d2c1bcb487cc26dd0d5f7d97098a6c","hash":"878a41d253b0dd9ef8c00d774d2b9b07e75abbd8"}
,"/home/milestep/apps/react_todo_client/src/components/users/signup.js": {"path":"/home/milestep/apps/react_todo_client/src/components/users/signup.js","statementMap":{"0":{"start":{"line":9,"column":4},"end":{"line":9,"column":12}},"1":{"start":{"line":10,"column":4},"end":{"line":19,"column":6}},"2":{"start":{"line":23,"column":4},"end":{"line":23,"column":23}},"3":{"start":{"line":24,"column":4},"end":{"line":24,"column":41}},"4":{"start":{"line":25,"column":4},"end":{"line":25,"column":33}},"5":{"start":{"line":29,"column":20},"end":{"line":29,"column":50}},"6":{"start":{"line":30,"column":4},"end":{"line":30,"column":36}},"7":{"start":{"line":31,"column":4},"end":{"line":31,"column":37}},"8":{"start":{"line":35,"column":4},"end":{"line":94,"column":6}},"9":{"start":{"line":97,"column":24},"end":{"line":97,"column":37}},"10":{"start":{"line":97,"column":34},"end":{"line":97,"column":36}},"11":{"start":{"line":99,"column":27},"end":{"line":103,"column":2}},"12":{"start":{"line":99,"column":40},"end":{"line":103,"column":1}},"13":{"start":{"line":101,"column":4},"end":{"line":101,"column":27}}},"fnMap":{"0":{"name":"(anonymous_0)","decl":{"start":{"line":8,"column":2},"end":{"line":8,"column":3}},"loc":{"start":{"line":8,"column":16},"end":{"line":20,"column":3}},"line":8},"1":{"name":"(anonymous_1)","decl":{"start":{"line":22,"column":2},"end":{"line":22,"column":3}},"loc":{"start":{"line":22,"column":18},"end":{"line":26,"column":3}},"line":22},"2":{"name":"(anonymous_2)","decl":{"start":{"line":28,"column":2},"end":{"line":28,"column":3}},"loc":{"start":{"line":28,"column":25},"end":{"line":32,"column":3}},"line":28},"3":{"name":"(anonymous_3)","decl":{"start":{"line":34,"column":2},"end":{"line":34,"column":3}},"loc":{"start":{"line":34,"column":11},"end":{"line":95,"column":3}},"line":34},"4":{"name":"(anonymous_4)","decl":{"start":{"line":97,"column":24},"end":{"line":97,"column":25}},"loc":{"start":{"line":97,"column":34},"end":{"line":97,"column":36}},"line":97},"5":{"name":"(anonymous_5)","decl":{"start":{"line":99,"column":27},"end":{"line":99,"column":28}},"loc":{"start":{"line":99,"column":40},"end":{"line":103,"column":1}},"line":99},"6":{"name":"(anonymous_6)","decl":{"start":{"line":100,"column":12},"end":{"line":100,"column":13}},"loc":{"start":{"line":100,"column":20},"end":{"line":102,"column":3}},"line":100}},"branchMap":{},"s":{"0":1,"1":1,"2":0,"3":0,"4":0,"5":0,"6":0,"7":0,"8":1,"9":1,"10":1,"11":1,"12":1,"13":0},"f":{"0":1,"1":0,"2":0,"3":1,"4":1,"5":1,"6":0},"b":{},"_coverageSchema":"332fd63041d2c1bcb487cc26dd0d5f7d97098a6c","hash":"7ab3fa44deac95957563ec41719435b34a2860c3"}
,"/home/milestep/apps/react_todo_client/src/reducers/index.js": {"path":"/home/milestep/apps/react_todo_client/src/reducers/index.js","statementMap":{"0":{"start":{"line":5,"column":28},"end":{"line":11,"column":1}}},"fnMap":{},"branchMap":{},"s":{"0":4},"f":{},"b":{},"_coverageSchema":"332fd63041d2c1bcb487cc26dd0d5f7d97098a6c","hash":"1f7b4094b7df849991b13f86e86e8a39de26b9d2"}
,"/home/milestep/apps/react_todo_client/src/reducers/tasks.js": {"path":"/home/milestep/apps/react_todo_client/src/reducers/tasks.js","statementMap":{"0":{"start":{"line":16,"column":2},"end":{"line":50,"column":3}},"1":{"start":{"line":18,"column":6},"end":{"line":21,"column":8}},"2":{"start":{"line":24,"column":6},"end":{"line":27,"column":8}},"3":{"start":{"line":30,"column":6},"end":{"line":33,"column":8}},"4":{"start":{"line":36,"column":6},"end":{"line":39,"column":8}},"5":{"start":{"line":38,"column":40},"end":{"line":38,"column":64}},"6":{"start":{"line":42,"column":6},"end":{"line":42,"column":74}},"7":{"start":{"line":42,"column":45},"end":{"line":42,"column":72}},"8":{"start":{"line":43,"column":6},"end":{"line":46,"column":8}},"9":{"start":{"line":49,"column":6},"end":{"line":49,"column":19}}},"fnMap":{"0":{"name":"TaskReducer","decl":{"start":{"line":9,"column":24},"end":{"line":9,"column":35}},"loc":{"start":{"line":15,"column":2},"end":{"line":51,"column":1}},"line":15},"1":{"name":"(anonymous_1)","decl":{"start":{"line":38,"column":34},"end":{"line":38,"column":35}},"loc":{"start":{"line":38,"column":40},"end":{"line":38,"column":64}},"line":38},"2":{"name":"(anonymous_2)","decl":{"start":{"line":42,"column":39},"end":{"line":42,"column":40}},"loc":{"start":{"line":42,"column":45},"end":{"line":42,"column":72}},"line":42}},"branchMap":{"0":{"loc":{"start":{"line":10,"column":2},"end":{"line":13,"column":3}},"type":"default-arg","locations":[{"start":{"line":10,"column":10},"end":{"line":13,"column":3}}],"line":10},"1":{"loc":{"start":{"line":16,"column":2},"end":{"line":50,"column":3}},"type":"switch","locations":[{"start":{"line":17,"column":4},"end":{"line":21,"column":8}},{"start":{"line":23,"column":4},"end":{"line":27,"column":8}},{"start":{"line":29,"column":4},"end":{"line":33,"column":8}},{"start":{"line":35,"column":4},"end":{"line":39,"column":8}},{"start":{"line":41,"column":4},"end":{"line":46,"column":8}},{"start":{"line":48,"column":4},"end":{"line":49,"column":19}}],"line":16}},"s":{"0":12,"1":0,"2":0,"3":0,"4":0,"5":0,"6":0,"7":0,"8":0,"9":12},"f":{"0":12,"1":0,"2":0},"b":{"0":[12],"1":[0,0,0,0,0,12]},"_coverageSchema":"332fd63041d2c1bcb487cc26dd0d5f7d97098a6c","hash":"39a5ebb1b6a93896305844aaafbfdfadb9d9d99c"}
,"/home/milestep/apps/react_todo_client/src/services/hist.js": {"path":"/home/milestep/apps/react_todo_client/src/services/hist.js","statementMap":{"0":{"start":{"line":3,"column":13},"end":{"line":3,"column":35}}},"fnMap":{},"branchMap":{},"s":{"0":7},"f":{},"b":{},"_coverageSchema":"332fd63041d2c1bcb487cc26dd0d5f7d97098a6c","hash":"d7fa86206b1ae0b7453f33f61a2100870802c106"}
}
