TN:
SF:/home/milestep/apps/react_todo_client/src/setupTests.js
FNF:0
FNH:0
DA:4,10
LF:1
LH:1
BRF:0
BRH:0
end_of_record
TN:
SF:/home/milestep/apps/react_todo_client/src/actions/actionTypes.js
FNF:0
FNH:0
DA:1,5
DA:3,5
DA:5,5
DA:7,5
DA:9,5
DA:11,5
DA:13,5
LF:7
LH:7
BRF:0
BRH:0
end_of_record
TN:
SF:/home/milestep/apps/react_todo_client/src/actions/sessions.js
FN:7,signin
FN:8,(anonymous_1)
FN:15,(anonymous_2)
FN:25,(anonymous_3)
FNF:4
FNH:0
FNDA:0,signin
FNDA:0,(anonymous_1)
FNDA:0,(anonymous_2)
FNDA:0,(anonymous_3)
DA:8,0
DA:9,0
DA:12,0
DA:16,0
DA:17,0
DA:21,0
DA:22,0
DA:23,0
DA:26,0
DA:27,0
DA:28,0
LF:11
LH:0
BRF:0
BRH:0
end_of_record
TN:
SF:/home/milestep/apps/react_todo_client/src/actions/tasks.js
FN:19,getTasks
FN:20,(anonymous_1)
FN:24,(anonymous_2)
FN:30,(anonymous_3)
FN:36,getTask
FN:37,(anonymous_5)
FN:41,(anonymous_6)
FN:46,(anonymous_7)
FN:52,doneTask
FN:53,(anonymous_9)
FN:63,(anonymous_10)
FN:73,(anonymous_11)
FN:79,addTask
FN:80,(anonymous_13)
FN:84,(anonymous_14)
FN:90,(anonymous_15)
FN:95,(anonymous_16)
FN:101,editTask
FN:102,(anonymous_18)
FN:106,(anonymous_19)
FN:115,(anonymous_20)
FN:121,deleteTask
FN:122,(anonymous_22)
FN:126,(anonymous_23)
FN:132,(anonymous_24)
FN:138,deleteCheckedTasks
FN:139,(anonymous_26)
FN:143,(anonymous_27)
FN:150,(anonymous_28)
FNF:29
FNH:4
FNDA:2,getTasks
FNDA:2,(anonymous_1)
FNDA:0,(anonymous_2)
FNDA:0,(anonymous_3)
FNDA:2,getTask
FNDA:2,(anonymous_5)
FNDA:0,(anonymous_6)
FNDA:0,(anonymous_7)
FNDA:0,doneTask
FNDA:0,(anonymous_9)
FNDA:0,(anonymous_10)
FNDA:0,(anonymous_11)
FNDA:0,addTask
FNDA:0,(anonymous_13)
FNDA:0,(anonymous_14)
FNDA:0,(anonymous_15)
FNDA:0,(anonymous_16)
FNDA:0,editTask
FNDA:0,(anonymous_18)
FNDA:0,(anonymous_19)
FNDA:0,(anonymous_20)
FNDA:0,deleteTask
FNDA:0,(anonymous_22)
FNDA:0,(anonymous_23)
FNDA:0,(anonymous_24)
FNDA:0,deleteCheckedTasks
FNDA:0,(anonymous_26)
FNDA:0,(anonymous_27)
FNDA:0,(anonymous_28)
DA:16,5
DA:17,5
DA:20,2
DA:21,2
DA:25,0
DA:26,0
DA:27,0
DA:31,0
DA:37,2
DA:38,2
DA:42,0
DA:43,0
DA:47,0
DA:53,0
DA:54,0
DA:55,0
DA:57,0
DA:59,0
DA:60,0
DA:61,0
DA:64,0
DA:65,0
DA:66,0
DA:67,0
DA:69,0
DA:74,0
DA:80,0
DA:81,0
DA:85,0
DA:86,0
DA:87,0
DA:90,0
DA:91,0
DA:96,0
DA:102,0
DA:103,0
DA:107,0
DA:108,0
DA:109,0
DA:110,0
DA:116,0
DA:122,0
DA:123,0
DA:127,0
DA:128,0
DA:133,0
DA:139,0
DA:140,0
DA:144,0
DA:145,0
DA:146,0
DA:151,0
DA:152,0
DA:153,0
LF:54
LH:6
BRDA:25,0,0,0
BRDA:25,0,1,0
BRDA:42,1,0,0
BRDA:42,1,1,0
BRDA:54,2,0,0
BRDA:54,2,1,0
BRDA:64,3,0,0
BRDA:64,3,1,0
BRDA:66,4,0,0
BRDA:66,4,1,0
BRDA:85,5,0,0
BRDA:85,5,1,0
BRDA:107,6,0,0
BRDA:107,6,1,0
BRF:14
BRH:0
end_of_record
TN:
SF:/home/milestep/apps/react_todo_client/src/actions/users.js
FN:7,signup
FN:8,(anonymous_1)
FN:14,(anonymous_2)
FN:20,(anonymous_3)
FN:28,emailActivation
FN:29,(anonymous_5)
FN:35,(anonymous_6)
FN:41,(anonymous_7)
FNF:8
FNH:0
FNDA:0,signup
FNDA:0,(anonymous_1)
FNDA:0,(anonymous_2)
FNDA:0,(anonymous_3)
FNDA:0,emailActivation
FNDA:0,(anonymous_5)
FNDA:0,(anonymous_6)
FNDA:0,(anonymous_7)
DA:8,0
DA:9,0
DA:12,0
DA:15,0
DA:16,0
DA:21,0
DA:22,0
DA:23,0
DA:29,0
DA:30,0
DA:33,0
DA:36,0
DA:37,0
DA:42,0
DA:43,0
DA:44,0
LF:16
LH:0
BRF:0
BRH:0
end_of_record
TN:
SF:/home/milestep/apps/react_todo_client/src/components/header.js
FN:5,(anonymous_0)
FNF:1
FNH:1
FNDA:1,(anonymous_0)
DA:6,1
DA:7,0
DA:44,1
LF:3
LH:2
BRDA:6,0,0,0
BRDA:6,0,1,1
BRDA:6,1,0,1
BRDA:6,1,1,0
BRF:4
BRH:2
end_of_record
TN:
SF:/home/milestep/apps/react_todo_client/src/components/home.js
FN:4,(anonymous_0)
FNF:1
FNH:1
FNDA:1,(anonymous_0)
DA:5,1
LF:1
LH:1
BRF:0
BRH:0
end_of_record
TN:
SF:/home/milestep/apps/react_todo_client/src/components/p404.js
FN:3,(anonymous_0)
FNF:1
FNH:1
FNDA:1,(anonymous_0)
DA:4,1
LF:1
LH:1
BRF:0
BRH:0
end_of_record
TN:
SF:/home/milestep/apps/react_todo_client/src/components/constants/apiconfig.js
FNF:0
FNH:0
DA:3,7
DA:7,7
DA:9,7
DA:11,7
LF:4
LH:4
BRDA:3,0,0,0
BRDA:3,0,1,7
BRF:2
BRH:1
end_of_record
TN:
SF:/home/milestep/apps/react_todo_client/src/components/constants/user.js
FNF:0
FNH:0
DA:1,6
DA:3,6
LF:2
LH:2
BRF:0
BRH:0
end_of_record
TN:
SF:/home/milestep/apps/react_todo_client/src/components/tasks/taskadd.js
FN:6,(anonymous_0)
FN:20,(anonymous_1)
FN:23,(anonymous_2)
FN:26,(anonymous_3)
FN:31,(anonymous_4)
FN:36,(anonymous_5)
FN:39,(anonymous_6)
FN:114,(anonymous_7)
FN:115,(anonymous_8)
FN:120,(anonymous_9)
FNF:10
FNH:4
FNDA:1,(anonymous_0)
FNDA:0,(anonymous_1)
FNDA:0,(anonymous_2)
FNDA:0,(anonymous_3)
FNDA:0,(anonymous_4)
FNDA:0,(anonymous_5)
FNDA:1,(anonymous_6)
FNDA:1,(anonymous_7)
FNDA:0,(anonymous_8)
FNDA:1,(anonymous_9)
DA:7,1
DA:8,1
DA:21,0
DA:22,0
DA:23,0
DA:27,0
DA:28,0
DA:32,0
DA:33,0
DA:34,0
DA:35,0
DA:36,0
DA:40,1
DA:114,1
DA:116,0
DA:120,1
LF:16
LH:5
BRF:0
BRH:0
end_of_record
TN:
SF:/home/milestep/apps/react_todo_client/src/components/tasks/taskedit.js
FN:8,(anonymous_0)
FN:35,(anonymous_1)
FN:40,(anonymous_2)
FN:41,(anonymous_3)
FN:44,(anonymous_4)
FN:47,(anonymous_5)
FN:50,(anonymous_6)
FN:55,(anonymous_7)
FN:60,(anonymous_8)
FN:63,(anonymous_9)
FN:143,(anonymous_10)
FN:147,(anonymous_11)
FN:148,(anonymous_12)
FNF:13
FNH:5
FNDA:1,(anonymous_0)
FNDA:1,(anonymous_1)
FNDA:0,(anonymous_2)
FNDA:0,(anonymous_3)
FNDA:0,(anonymous_4)
FNDA:0,(anonymous_5)
FNDA:0,(anonymous_6)
FNDA:0,(anonymous_7)
FNDA:0,(anonymous_8)
FNDA:1,(anonymous_9)
FNDA:1,(anonymous_10)
FNDA:1,(anonymous_11)
FNDA:0,(anonymous_12)
DA:9,1
DA:10,1
DA:36,1
DA:37,1
DA:41,0
DA:45,0
DA:46,0
DA:47,0
DA:51,0
DA:52,0
DA:56,0
DA:57,0
DA:58,0
DA:59,0
DA:60,0
DA:64,1
DA:65,1
DA:143,1
DA:147,1
DA:149,0
LF:20
LH:8
BRF:0
BRH:0
end_of_record
TN:
SF:/home/milestep/apps/react_todo_client/src/components/tasks/taskprofile.js
FN:9,(anonymous_0)
FN:24,(anonymous_1)
FN:29,(anonymous_2)
FN:34,(anonymous_3)
FN:114,(anonymous_4)
FN:118,(anonymous_5)
FN:119,(anonymous_6)
FN:122,(anonymous_7)
FN:125,(anonymous_8)
FNF:9
FNH:5
FNDA:1,(anonymous_0)
FNDA:0,(anonymous_1)
FNDA:0,(anonymous_2)
FNDA:1,(anonymous_3)
FNDA:1,(anonymous_4)
FNDA:1,(anonymous_5)
FNDA:1,(anonymous_6)
FNDA:0,(anonymous_7)
FNDA:0,(anonymous_8)
DA:10,1
DA:11,1
DA:25,0
DA:26,0
DA:30,0
DA:31,0
DA:35,1
DA:37,1
DA:45,1
DA:52,1
DA:114,1
DA:118,1
DA:120,1
DA:123,0
DA:126,0
LF:15
LH:9
BRDA:37,0,0,0
BRDA:37,0,1,1
BRDA:39,1,0,0
BRDA:39,1,1,1
BRDA:41,2,0,0
BRDA:41,2,1,1
BRDA:45,3,0,0
BRDA:45,3,1,1
BRDA:47,4,0,0
BRDA:47,4,1,1
BRDA:49,5,0,0
BRDA:49,5,1,1
BRDA:74,6,0,1
BRDA:74,6,1,0
BRDA:76,7,0,0
BRDA:76,7,1,0
BRDA:81,8,0,1
BRDA:81,8,1,0
BRDA:81,9,0,0
BRDA:81,9,1,0
BRDA:87,10,0,1
BRDA:87,10,1,0
BRDA:89,11,0,0
BRDA:89,11,1,0
BRDA:95,12,0,1
BRDA:95,12,1,0
BRDA:95,13,0,0
BRDA:95,13,1,0
BRF:28
BRH:10
end_of_record
TN:
SF:/home/milestep/apps/react_todo_client/src/components/tasks/tasksdel.js
FN:12,(anonymous_0)
FN:24,(anonymous_1)
FN:28,(anonymous_2)
FN:32,(anonymous_3)
FN:40,(anonymous_4)
FN:43,(anonymous_5)
FN:47,(anonymous_6)
FN:49,(anonymous_7)
FN:52,(anonymous_8)
FN:55,(anonymous_9)
FN:56,(anonymous_10)
FN:59,(anonymous_11)
FN:64,(anonymous_12)
FN:91,(anonymous_13)
FN:140,(anonymous_14)
FN:176,(anonymous_15)
FN:180,(anonymous_16)
FN:181,(anonymous_17)
FN:184,(anonymous_18)
FN:187,(anonymous_19)
FNF:20
FNH:8
FNDA:1,(anonymous_0)
FNDA:1,(anonymous_1)
FNDA:0,(anonymous_2)
FNDA:0,(anonymous_3)
FNDA:0,(anonymous_4)
FNDA:0,(anonymous_5)
FNDA:0,(anonymous_6)
FNDA:0,(anonymous_7)
FNDA:0,(anonymous_8)
FNDA:0,(anonymous_9)
FNDA:0,(anonymous_10)
FNDA:3,(anonymous_11)
FNDA:2,(anonymous_12)
FNDA:3,(anonymous_13)
FNDA:3,(anonymous_14)
FNDA:1,(anonymous_15)
FNDA:1,(anonymous_16)
FNDA:0,(anonymous_17)
FNDA:0,(anonymous_18)
FNDA:0,(anonymous_19)
DA:13,1
DA:14,1
DA:25,1
DA:29,0
DA:33,0
DA:34,0
DA:35,0
DA:36,0
DA:38,0
DA:40,0
DA:44,0
DA:48,0
DA:49,0
DA:50,0
DA:52,0
DA:56,0
DA:60,3
DA:61,0
DA:65,2
DA:92,3
DA:94,2
DA:102,2
DA:110,2
DA:141,3
DA:142,1
DA:176,1
DA:180,1
DA:182,0
DA:185,0
DA:188,0
LF:30
LH:13
BRDA:35,0,0,0
BRDA:35,0,1,0
BRDA:60,1,0,3
BRDA:60,1,1,0
BRDA:92,2,0,2
BRDA:92,2,1,1
BRDA:94,3,0,0
BRDA:94,3,1,2
BRDA:96,4,0,0
BRDA:96,4,1,2
BRDA:98,5,0,0
BRDA:98,5,1,2
BRDA:102,6,0,0
BRDA:102,6,1,2
BRDA:104,7,0,0
BRDA:104,7,1,2
BRDA:106,8,0,0
BRDA:106,8,1,2
BRDA:141,9,0,1
BRDA:141,9,1,2
BRF:20
BRH:11
end_of_record
TN:
SF:/home/milestep/apps/react_todo_client/src/components/tasks/taskslist.js
FN:7,(anonymous_0)
FN:28,(anonymous_1)
FN:32,(anonymous_2)
FN:33,(anonymous_3)
FN:37,(anonymous_4)
FN:41,(anonymous_5)
FN:43,(anonymous_6)
FN:46,(anonymous_7)
FN:49,(anonymous_8)
FN:51,(anonymous_9)
FN:54,(anonymous_10)
FN:57,(anonymous_11)
FN:75,(anonymous_12)
FN:119,(anonymous_13)
FN:152,(anonymous_14)
FN:156,(anonymous_15)
FN:157,(anonymous_16)
FN:160,(anonymous_17)
FNF:18
FNH:7
FNDA:1,(anonymous_0)
FNDA:1,(anonymous_1)
FNDA:0,(anonymous_2)
FNDA:0,(anonymous_3)
FNDA:0,(anonymous_4)
FNDA:0,(anonymous_5)
FNDA:0,(anonymous_6)
FNDA:0,(anonymous_7)
FNDA:0,(anonymous_8)
FNDA:0,(anonymous_9)
FNDA:0,(anonymous_10)
FNDA:2,(anonymous_11)
FNDA:3,(anonymous_12)
FNDA:3,(anonymous_13)
FNDA:1,(anonymous_14)
FNDA:1,(anonymous_15)
FNDA:0,(anonymous_16)
FNDA:0,(anonymous_17)
DA:8,1
DA:9,1
DA:29,1
DA:33,0
DA:34,0
DA:38,0
DA:42,0
DA:43,0
DA:44,0
DA:46,0
DA:50,0
DA:51,0
DA:52,0
DA:54,0
DA:58,2
DA:76,3
DA:78,2
DA:86,2
DA:93,2
DA:120,3
DA:121,1
DA:152,1
DA:156,1
DA:158,0
DA:161,0
LF:25
LH:12
BRDA:76,0,0,2
BRDA:76,0,1,1
BRDA:78,1,0,0
BRDA:78,1,1,2
BRDA:80,2,0,0
BRDA:80,2,1,2
BRDA:82,3,0,0
BRDA:82,3,1,2
BRDA:86,4,0,0
BRDA:86,4,1,2
BRDA:88,5,0,0
BRDA:88,5,1,2
BRDA:90,6,0,0
BRDA:90,6,1,2
BRDA:120,7,0,1
BRDA:120,7,1,2
BRF:16
BRH:10
end_of_record
TN:
SF:/home/milestep/apps/react_todo_client/src/components/users/signin.js
FN:5,(anonymous_0)
FN:15,(anonymous_1)
FN:21,(anonymous_2)
FN:28,(anonymous_3)
FN:65,(anonymous_4)
FN:67,(anonymous_5)
FN:68,(anonymous_6)
FNF:7
FNH:4
FNDA:1,(anonymous_0)
FNDA:0,(anonymous_1)
FNDA:0,(anonymous_2)
FNDA:1,(anonymous_3)
FNDA:1,(anonymous_4)
FNDA:1,(anonymous_5)
FNDA:0,(anonymous_6)
DA:6,1
DA:7,1
DA:16,0
DA:17,0
DA:18,0
DA:22,0
DA:23,0
DA:24,0
DA:25,0
DA:29,1
DA:65,1
DA:67,1
DA:69,0
LF:13
LH:5
BRF:0
BRH:0
end_of_record
TN:
SF:/home/milestep/apps/react_todo_client/src/components/users/signup.js
FN:8,(anonymous_0)
FN:22,(anonymous_1)
FN:28,(anonymous_2)
FN:34,(anonymous_3)
FN:97,(anonymous_4)
FN:99,(anonymous_5)
FN:100,(anonymous_6)
FNF:7
FNH:4
FNDA:1,(anonymous_0)
FNDA:0,(anonymous_1)
FNDA:0,(anonymous_2)
FNDA:1,(anonymous_3)
FNDA:1,(anonymous_4)
FNDA:1,(anonymous_5)
FNDA:0,(anonymous_6)
DA:9,1
DA:10,1
DA:23,0
DA:24,0
DA:25,0
DA:29,0
DA:30,0
DA:31,0
DA:35,1
DA:97,1
DA:99,1
DA:101,0
LF:12
LH:5
BRF:0
BRH:0
end_of_record
TN:
SF:/home/milestep/apps/react_todo_client/src/reducers/index.js
FNF:0
FNH:0
DA:5,4
LF:1
LH:1
BRF:0
BRH:0
end_of_record
TN:
SF:/home/milestep/apps/react_todo_client/src/reducers/tasks.js
FN:9,TaskReducer
FN:38,(anonymous_1)
FN:42,(anonymous_2)
FNF:3
FNH:1
FNDA:12,TaskReducer
FNDA:0,(anonymous_1)
FNDA:0,(anonymous_2)
DA:16,12
DA:18,0
DA:24,0
DA:30,0
DA:36,0
DA:38,0
DA:42,0
DA:43,0
DA:49,12
LF:9
LH:2
BRDA:10,0,0,12
BRDA:16,1,0,0
BRDA:16,1,1,0
BRDA:16,1,2,0
BRDA:16,1,3,0
BRDA:16,1,4,0
BRDA:16,1,5,12
BRF:7
BRH:2
end_of_record
TN:
SF:/home/milestep/apps/react_todo_client/src/services/hist.js
FNF:0
FNH:0
DA:3,7
LF:1
LH:1
BRF:0
BRH:0
end_of_record
