<?xml version="1.0" encoding="UTF-8"?>
<coverage generated="1547025036679" clover="3.2.0">
  <project timestamp="1547025036680" name="All files">
    <metrics statements="90" coveredstatements="90" conditionals="72" coveredconditionals="44" methods="48" coveredmethods="48" elements="210" coveredelements="182" complexity="0" loc="90" ncloc="90" packages="3" files="12" classes="12">
      <package name="components">
        <metrics statements="6" coveredstatements="6" conditionals="4" coveredconditionals="4" methods="4" coveredmethods="4"/>
        <file name="about.js" path="/home/milestep/apps/react_todo_client/src/components/about.js">
          <metrics statements="1" coveredstatements="1" conditionals="0" coveredconditionals="0" methods="1" coveredmethods="1"/>
          <line num="6" count="1" type="stmt"/>
        </file>
        <file name="header.js" path="/home/milestep/apps/react_todo_client/src/components/header.js">
          <metrics statements="3" coveredstatements="3" conditionals="4" coveredconditionals="4" methods="1" coveredmethods="1"/>
          <line num="6" count="2" type="cond" truecount="4" falsecount="0"/>
          <line num="7" count="1" type="stmt"/>
          <line num="44" count="1" type="stmt"/>
        </file>
        <file name="home.js" path="/home/milestep/apps/react_todo_client/src/components/home.js">
          <metrics statements="1" coveredstatements="1" conditionals="0" coveredconditionals="0" methods="1" coveredmethods="1"/>
          <line num="5" count="1" type="stmt"/>
        </file>
        <file name="p404.js" path="/home/milestep/apps/react_todo_client/src/components/p404.js">
          <metrics statements="1" coveredstatements="1" conditionals="0" coveredconditionals="0" methods="1" coveredmethods="1"/>
          <line num="4" count="1" type="stmt"/>
        </file>
      </package>
      <package name="components.tasks">
        <metrics statements="67" coveredstatements="67" conditionals="68" coveredconditionals="40" methods="36" coveredmethods="36"/>
        <file name="taskadd.js" path="/home/milestep/apps/react_todo_client/src/components/tasks/taskadd.js">
          <metrics statements="11" coveredstatements="11" conditionals="0" coveredconditionals="0" methods="7" coveredmethods="7"/>
          <line num="8" count="3" type="stmt"/>
          <line num="9" count="3" type="stmt"/>
          <line num="31" count="1" type="stmt"/>
          <line num="32" count="1" type="stmt"/>
          <line num="33" count="1" type="stmt"/>
          <line num="37" count="1" type="stmt"/>
          <line num="38" count="1" type="stmt"/>
          <line num="42" count="1" type="stmt"/>
          <line num="43" count="1" type="stmt"/>
          <line num="44" count="1" type="stmt"/>
          <line num="48" count="5" type="stmt"/>
        </file>
        <file name="taskedit.js" path="/home/milestep/apps/react_todo_client/src/components/tasks/taskedit.js">
          <metrics statements="13" coveredstatements="13" conditionals="0" coveredconditionals="0" methods="7" coveredmethods="7"/>
          <line num="8" count="2" type="stmt"/>
          <line num="9" count="2" type="stmt"/>
          <line num="10" count="2" type="stmt"/>
          <line num="33" count="1" type="stmt"/>
          <line num="34" count="1" type="stmt"/>
          <line num="35" count="1" type="stmt"/>
          <line num="39" count="1" type="stmt"/>
          <line num="40" count="1" type="stmt"/>
          <line num="44" count="1" type="stmt"/>
          <line num="45" count="1" type="stmt"/>
          <line num="46" count="1" type="stmt"/>
          <line num="50" count="4" type="stmt"/>
          <line num="51" count="4" type="stmt"/>
        </file>
        <file name="taskprofile.js" path="/home/milestep/apps/react_todo_client/src/components/tasks/taskprofile.js">
          <metrics statements="9" coveredstatements="9" conditionals="28" coveredconditionals="14" methods="4" coveredmethods="4"/>
          <line num="20" count="1" type="stmt"/>
          <line num="21" count="1" type="stmt"/>
          <line num="22" count="1" type="stmt"/>
          <line num="26" count="1" type="stmt"/>
          <line num="27" count="1" type="stmt"/>
          <line num="31" count="3" type="stmt"/>
          <line num="33" count="3" type="cond" truecount="1" falsecount="1"/>
          <line num="41" count="3" type="cond" truecount="1" falsecount="1"/>
          <line num="48" count="3" type="stmt"/>
        </file>
        <file name="tasks.js" path="/home/milestep/apps/react_todo_client/src/components/tasks/tasks.js">
          <metrics statements="1" coveredstatements="1" conditionals="0" coveredconditionals="0" methods="1" coveredmethods="1"/>
          <line num="6" count="1" type="stmt"/>
        </file>
        <file name="tasksdel.js" path="/home/milestep/apps/react_todo_client/src/components/tasks/tasksdel.js">
          <metrics statements="24" coveredstatements="24" conditionals="22" coveredconditionals="15" methods="13" coveredmethods="13"/>
          <line num="5" count="1" type="stmt"/>
          <line num="6" count="1" type="stmt"/>
          <line num="12" count="2" type="stmt"/>
          <line num="13" count="2" type="stmt"/>
          <line num="14" count="2" type="cond" truecount="2" falsecount="0"/>
          <line num="15" count="1" type="stmt"/>
          <line num="17" count="1" type="stmt"/>
          <line num="19" count="2" type="stmt"/>
          <line num="23" count="1" type="stmt"/>
          <line num="27" count="1" type="stmt"/>
          <line num="28" count="1" type="stmt"/>
          <line num="29" count="3" type="stmt"/>
          <line num="31" count="1" type="stmt"/>
          <line num="35" count="1" type="stmt"/>
          <line num="39" count="15" type="cond" truecount="2" falsecount="0"/>
          <line num="40" count="4" type="stmt"/>
          <line num="44" count="5" type="cond" truecount="1" falsecount="1"/>
          <line num="45" count="5" type="stmt"/>
          <line num="72" count="15" type="cond" truecount="2" falsecount="0"/>
          <line num="74" count="10" type="cond" truecount="2" falsecount="0"/>
          <line num="82" count="10" type="cond" truecount="2" falsecount="0"/>
          <line num="90" count="10" type="stmt"/>
          <line num="121" count="15" type="cond" truecount="2" falsecount="0"/>
          <line num="122" count="5" type="stmt"/>
        </file>
        <file name="taskslist.js" path="/home/milestep/apps/react_todo_client/src/components/tasks/taskslist.js">
          <metrics statements="9" coveredstatements="9" conditionals="18" coveredconditionals="11" methods="4" coveredmethods="4"/>
          <line num="16" count="1" type="stmt"/>
          <line num="20" count="1" type="cond" truecount="1" falsecount="1"/>
          <line num="21" count="1" type="stmt"/>
          <line num="39" count="3" type="cond" truecount="2" falsecount="0"/>
          <line num="41" count="2" type="cond" truecount="2" falsecount="0"/>
          <line num="49" count="2" type="cond" truecount="2" falsecount="0"/>
          <line num="56" count="2" type="stmt"/>
          <line num="83" count="3" type="cond" truecount="2" falsecount="0"/>
          <line num="84" count="1" type="stmt"/>
        </file>
      </package>
      <package name="components.users">
        <metrics statements="17" coveredstatements="17" conditionals="0" coveredconditionals="0" methods="8" coveredmethods="8"/>
        <file name="signin.js" path="/home/milestep/apps/react_todo_client/src/components/users/signin.js">
          <metrics statements="9" coveredstatements="9" conditionals="0" coveredconditionals="0" methods="4" coveredmethods="4"/>
          <line num="4" count="1" type="stmt"/>
          <line num="5" count="1" type="stmt"/>
          <line num="14" count="1" type="stmt"/>
          <line num="15" count="1" type="stmt"/>
          <line num="19" count="2" type="stmt"/>
          <line num="20" count="2" type="stmt"/>
          <line num="21" count="2" type="stmt"/>
          <line num="22" count="2" type="stmt"/>
          <line num="26" count="3" type="stmt"/>
        </file>
        <file name="signup.js" path="/home/milestep/apps/react_todo_client/src/components/users/signup.js">
          <metrics statements="8" coveredstatements="8" conditionals="0" coveredconditionals="0" methods="4" coveredmethods="4"/>
          <line num="5" count="1" type="stmt"/>
          <line num="6" count="1" type="stmt"/>
          <line num="19" count="1" type="stmt"/>
          <line num="20" count="1" type="stmt"/>
          <line num="24" count="4" type="stmt"/>
          <line num="25" count="4" type="stmt"/>
          <line num="26" count="4" type="stmt"/>
          <line num="30" count="5" type="stmt"/>
        </file>
      </package>
    </metrics>
  </project>
</coverage>
