{"/home/milestep/apps/react_todo_client/src/components/about.js": {"path":"/home/milestep/apps/react_todo_client/src/components/about.js","statementMap":{"0":{"start":{"line":6,"column":2},"end":{"line":15,"column":3}}},"fnMap":{"0":{"name":"(anonymous_0)","decl":{"start":{"line":5,"column":2},"end":{"line":5,"column":3}},"loc":{"start":{"line":5,"column":11},"end":{"line":16,"column":3}},"line":5}},"branchMap":{},"s":{"0":1},"f":{"0":1},"b":{},"_coverageSchema":"332fd63041d2c1bcb487cc26dd0d5f7d97098a6c","hash":"28fc2bfae227208cbfdc06e6484d115c55e07b43"}
,"/home/milestep/apps/react_todo_client/src/components/header.js": {"path":"/home/milestep/apps/react_todo_client/src/components/header.js","statementMap":{"0":{"start":{"line":6,"column":4},"end":{"line":67,"column":5}},"1":{"start":{"line":7,"column":6},"end":{"line":42,"column":8}},"2":{"start":{"line":44,"column":6},"end":{"line":66,"column":8}}},"fnMap":{"0":{"name":"(anonymous_0)","decl":{"start":{"line":5,"column":2},"end":{"line":5,"column":3}},"loc":{"start":{"line":5,"column":11},"end":{"line":68,"column":3}},"line":5}},"branchMap":{"0":{"loc":{"start":{"line":6,"column":4},"end":{"line":67,"column":5}},"type":"if","locations":[{"start":{"line":6,"column":4},"end":{"line":67,"column":5}},{"start":{"line":6,"column":4},"end":{"line":67,"column":5}}],"line":6},"1":{"loc":{"start":{"line":6,"column":8},"end":{"line":6,"column":40}},"type":"binary-expr","locations":[{"start":{"line":6,"column":8},"end":{"line":6,"column":15}},{"start":{"line":6,"column":19},"end":{"line":6,"column":40}}],"line":6}},"s":{"0":2,"1":1,"2":1},"f":{"0":2},"b":{"0":[1,1],"1":[2,1]},"_coverageSchema":"332fd63041d2c1bcb487cc26dd0d5f7d97098a6c","hash":"d4596e6098ff482f046a30fdab521324838f252c"}
,"/home/milestep/apps/react_todo_client/src/components/home.js": {"path":"/home/milestep/apps/react_todo_client/src/components/home.js","statementMap":{"0":{"start":{"line":5,"column":4},"end":{"line":20,"column":6}}},"fnMap":{"0":{"name":"(anonymous_0)","decl":{"start":{"line":4,"column":2},"end":{"line":4,"column":3}},"loc":{"start":{"line":4,"column":11},"end":{"line":21,"column":3}},"line":4}},"branchMap":{},"s":{"0":1},"f":{"0":1},"b":{},"_coverageSchema":"332fd63041d2c1bcb487cc26dd0d5f7d97098a6c","hash":"a7f57f089cc62adea2c73c9b2f1f9ce2d5e6f3b9"}
,"/home/milestep/apps/react_todo_client/src/components/p404.js": {"path":"/home/milestep/apps/react_todo_client/src/components/p404.js","statementMap":{"0":{"start":{"line":4,"column":4},"end":{"line":11,"column":6}}},"fnMap":{"0":{"name":"(anonymous_0)","decl":{"start":{"line":3,"column":2},"end":{"line":3,"column":3}},"loc":{"start":{"line":3,"column":11},"end":{"line":12,"column":3}},"line":3}},"branchMap":{},"s":{"0":1},"f":{"0":1},"b":{},"_coverageSchema":"332fd63041d2c1bcb487cc26dd0d5f7d97098a6c","hash":"fce46a7a54d61eb2ede26891ff84136249536e32"}
,"/home/milestep/apps/react_todo_client/src/components/tasks/taskadd.js": {"path":"/home/milestep/apps/react_todo_client/src/components/tasks/taskadd.js","statementMap":{"0":{"start":{"line":8,"column":4},"end":{"line":8,"column":17}},"1":{"start":{"line":9,"column":4},"end":{"line":17,"column":6}},"2":{"start":{"line":31,"column":18},"end":{"line":31,"column":48}},"3":{"start":{"line":32,"column":4},"end":{"line":32,"column":36}},"4":{"start":{"line":33,"column":4},"end":{"line":33,"column":45}},"5":{"start":{"line":33,"column":25},"end":{"line":33,"column":42}},"6":{"start":{"line":37,"column":4},"end":{"line":37,"column":29}},"7":{"start":{"line":38,"column":4},"end":{"line":38,"column":42}},"8":{"start":{"line":42,"column":16},"end":{"line":42,"column":31}},"9":{"start":{"line":43,"column":4},"end":{"line":43,"column":30}},"10":{"start":{"line":44,"column":4},"end":{"line":44,"column":43}},"11":{"start":{"line":44,"column":25},"end":{"line":44,"column":40}},"12":{"start":{"line":48,"column":4},"end":{"line":123,"column":6}}},"fnMap":{"0":{"name":"(anonymous_0)","decl":{"start":{"line":7,"column":2},"end":{"line":7,"column":3}},"loc":{"start":{"line":7,"column":21},"end":{"line":18,"column":3}},"line":7},"1":{"name":"(anonymous_1)","decl":{"start":{"line":30,"column":2},"end":{"line":30,"column":3}},"loc":{"start":{"line":30,"column":25},"end":{"line":34,"column":3}},"line":30},"2":{"name":"(anonymous_2)","decl":{"start":{"line":33,"column":18},"end":{"line":33,"column":19}},"loc":{"start":{"line":33,"column":25},"end":{"line":33,"column":42}},"line":33},"3":{"name":"(anonymous_3)","decl":{"start":{"line":36,"column":2},"end":{"line":36,"column":3}},"loc":{"start":{"line":36,"column":24},"end":{"line":39,"column":3}},"line":36},"4":{"name":"(anonymous_4)","decl":{"start":{"line":41,"column":2},"end":{"line":41,"column":3}},"loc":{"start":{"line":41,"column":27},"end":{"line":45,"column":3}},"line":41},"5":{"name":"(anonymous_5)","decl":{"start":{"line":44,"column":18},"end":{"line":44,"column":19}},"loc":{"start":{"line":44,"column":25},"end":{"line":44,"column":40}},"line":44},"6":{"name":"(anonymous_6)","decl":{"start":{"line":47,"column":2},"end":{"line":47,"column":3}},"loc":{"start":{"line":47,"column":11},"end":{"line":124,"column":3}},"line":47}},"branchMap":{},"s":{"0":3,"1":3,"2":1,"3":1,"4":1,"5":1,"6":1,"7":1,"8":1,"9":1,"10":1,"11":1,"12":5},"f":{"0":3,"1":1,"2":1,"3":1,"4":1,"5":1,"6":5},"b":{},"_coverageSchema":"332fd63041d2c1bcb487cc26dd0d5f7d97098a6c","hash":"2d2c4d775e97e5aceb08132383aecc4a815f1060"}
,"/home/milestep/apps/react_todo_client/src/components/tasks/taskedit.js": {"path":"/home/milestep/apps/react_todo_client/src/components/tasks/taskedit.js","statementMap":{"0":{"start":{"line":8,"column":4},"end":{"line":8,"column":17}},"1":{"start":{"line":9,"column":64},"end":{"line":9,"column":74}},"2":{"start":{"line":10,"column":4},"end":{"line":19,"column":6}},"3":{"start":{"line":33,"column":18},"end":{"line":33,"column":48}},"4":{"start":{"line":34,"column":4},"end":{"line":34,"column":36}},"5":{"start":{"line":35,"column":4},"end":{"line":35,"column":45}},"6":{"start":{"line":35,"column":25},"end":{"line":35,"column":42}},"7":{"start":{"line":39,"column":4},"end":{"line":39,"column":29}},"8":{"start":{"line":40,"column":4},"end":{"line":40,"column":43}},"9":{"start":{"line":44,"column":16},"end":{"line":44,"column":31}},"10":{"start":{"line":45,"column":4},"end":{"line":45,"column":30}},"11":{"start":{"line":46,"column":4},"end":{"line":46,"column":43}},"12":{"start":{"line":46,"column":25},"end":{"line":46,"column":40}},"13":{"start":{"line":50,"column":17},"end":{"line":50,"column":32}},"14":{"start":{"line":51,"column":4},"end":{"line":125,"column":6}}},"fnMap":{"0":{"name":"(anonymous_0)","decl":{"start":{"line":7,"column":2},"end":{"line":7,"column":3}},"loc":{"start":{"line":7,"column":21},"end":{"line":20,"column":3}},"line":7},"1":{"name":"(anonymous_1)","decl":{"start":{"line":32,"column":2},"end":{"line":32,"column":3}},"loc":{"start":{"line":32,"column":25},"end":{"line":36,"column":3}},"line":32},"2":{"name":"(anonymous_2)","decl":{"start":{"line":35,"column":18},"end":{"line":35,"column":19}},"loc":{"start":{"line":35,"column":25},"end":{"line":35,"column":42}},"line":35},"3":{"name":"(anonymous_3)","decl":{"start":{"line":38,"column":2},"end":{"line":38,"column":3}},"loc":{"start":{"line":38,"column":24},"end":{"line":41,"column":3}},"line":38},"4":{"name":"(anonymous_4)","decl":{"start":{"line":43,"column":2},"end":{"line":43,"column":3}},"loc":{"start":{"line":43,"column":27},"end":{"line":47,"column":3}},"line":43},"5":{"name":"(anonymous_5)","decl":{"start":{"line":46,"column":18},"end":{"line":46,"column":19}},"loc":{"start":{"line":46,"column":25},"end":{"line":46,"column":40}},"line":46},"6":{"name":"(anonymous_6)","decl":{"start":{"line":49,"column":2},"end":{"line":49,"column":3}},"loc":{"start":{"line":49,"column":11},"end":{"line":126,"column":3}},"line":49}},"branchMap":{},"s":{"0":2,"1":2,"2":2,"3":1,"4":1,"5":1,"6":1,"7":1,"8":1,"9":1,"10":1,"11":1,"12":1,"13":4,"14":4},"f":{"0":2,"1":1,"2":1,"3":1,"4":1,"5":1,"6":4},"b":{},"_coverageSchema":"332fd63041d2c1bcb487cc26dd0d5f7d97098a6c","hash":"ca84bd643baf049ac9576f60e11a88ee1a391ad9"}
,"/home/milestep/apps/react_todo_client/src/components/tasks/taskprofile.js": {"path":"/home/milestep/apps/react_todo_client/src/components/tasks/taskprofile.js","statementMap":{"0":{"start":{"line":20,"column":4},"end":{"line":20,"column":32}},"1":{"start":{"line":21,"column":4},"end":{"line":21,"column":40}},"2":{"start":{"line":21,"column":25},"end":{"line":21,"column":37}},"3":{"start":{"line":22,"column":4},"end":{"line":22,"column":19}},"4":{"start":{"line":26,"column":4},"end":{"line":26,"column":36}},"5":{"start":{"line":27,"column":4},"end":{"line":27,"column":24}},"6":{"start":{"line":31,"column":21},"end":{"line":31,"column":31}},"7":{"start":{"line":33,"column":6},"end":{"line":39,"column":12}},"8":{"start":{"line":41,"column":6},"end":{"line":47,"column":12}},"9":{"start":{"line":48,"column":4},"end":{"line":108,"column":6}}},"fnMap":{"0":{"name":"(anonymous_0)","decl":{"start":{"line":19,"column":2},"end":{"line":19,"column":3}},"loc":{"start":{"line":19,"column":19},"end":{"line":23,"column":3}},"line":19},"1":{"name":"(anonymous_1)","decl":{"start":{"line":21,"column":18},"end":{"line":21,"column":19}},"loc":{"start":{"line":21,"column":25},"end":{"line":21,"column":37}},"line":21},"2":{"name":"(anonymous_2)","decl":{"start":{"line":25,"column":2},"end":{"line":25,"column":3}},"loc":{"start":{"line":25,"column":23},"end":{"line":28,"column":3}},"line":25},"3":{"name":"(anonymous_3)","decl":{"start":{"line":30,"column":2},"end":{"line":30,"column":3}},"loc":{"start":{"line":30,"column":11},"end":{"line":109,"column":3}},"line":30}},"branchMap":{"0":{"loc":{"start":{"line":33,"column":6},"end":{"line":39,"column":12}},"type":"cond-expr","locations":[{"start":{"line":34,"column":10},"end":{"line":34,"column":27}},{"start":{"line":35,"column":10},"end":{"line":39,"column":12}}],"line":33},"1":{"loc":{"start":{"line":35,"column":10},"end":{"line":39,"column":12}},"type":"cond-expr","locations":[{"start":{"line":36,"column":10},"end":{"line":36,"column":27}},{"start":{"line":37,"column":10},"end":{"line":39,"column":12}}],"line":35},"2":{"loc":{"start":{"line":37,"column":10},"end":{"line":39,"column":12}},"type":"cond-expr","locations":[{"start":{"line":38,"column":10},"end":{"line":38,"column":29}},{"start":{"line":39,"column":10},"end":{"line":39,"column":12}}],"line":37},"3":{"loc":{"start":{"line":41,"column":6},"end":{"line":47,"column":12}},"type":"cond-expr","locations":[{"start":{"line":42,"column":10},"end":{"line":42,"column":16}},{"start":{"line":43,"column":10},"end":{"line":47,"column":12}}],"line":41},"4":{"loc":{"start":{"line":43,"column":10},"end":{"line":47,"column":12}},"type":"cond-expr","locations":[{"start":{"line":44,"column":10},"end":{"line":44,"column":18}},{"start":{"line":45,"column":10},"end":{"line":47,"column":12}}],"line":43},"5":{"loc":{"start":{"line":45,"column":10},"end":{"line":47,"column":12}},"type":"cond-expr","locations":[{"start":{"line":46,"column":10},"end":{"line":46,"column":15}},{"start":{"line":47,"column":10},"end":{"line":47,"column":12}}],"line":45},"6":{"loc":{"start":{"line":70,"column":20},"end":{"line":74,"column":26}},"type":"cond-expr","locations":[{"start":{"line":71,"column":24},"end":{"line":71,"column":38}},{"start":{"line":72,"column":24},"end":{"line":74,"column":26}}],"line":70},"7":{"loc":{"start":{"line":72,"column":24},"end":{"line":74,"column":26}},"type":"cond-expr","locations":[{"start":{"line":73,"column":24},"end":{"line":73,"column":41}},{"start":{"line":74,"column":24},"end":{"line":74,"column":26}}],"line":72},"8":{"loc":{"start":{"line":77,"column":19},"end":{"line":77,"column":71}},"type":"cond-expr","locations":[{"start":{"line":77,"column":32},"end":{"line":77,"column":40}},{"start":{"line":77,"column":43},"end":{"line":77,"column":71}}],"line":77},"9":{"loc":{"start":{"line":77,"column":43},"end":{"line":77,"column":71}},"type":"cond-expr","locations":[{"start":{"line":77,"column":55},"end":{"line":77,"column":66}},{"start":{"line":77,"column":69},"end":{"line":77,"column":71}}],"line":77},"10":{"loc":{"start":{"line":84,"column":18},"end":{"line":88,"column":24}},"type":"cond-expr","locations":[{"start":{"line":85,"column":22},"end":{"line":85,"column":52}},{"start":{"line":86,"column":22},"end":{"line":88,"column":24}}],"line":84},"11":{"loc":{"start":{"line":86,"column":22},"end":{"line":88,"column":24}},"type":"cond-expr","locations":[{"start":{"line":87,"column":22},"end":{"line":87,"column":49}},{"start":{"line":88,"column":22},"end":{"line":88,"column":24}}],"line":86},"12":{"loc":{"start":{"line":92,"column":17},"end":{"line":92,"column":70}},"type":"cond-expr","locations":[{"start":{"line":92,"column":30},"end":{"line":92,"column":40}},{"start":{"line":92,"column":43},"end":{"line":92,"column":70}}],"line":92},"13":{"loc":{"start":{"line":92,"column":43},"end":{"line":92,"column":70}},"type":"cond-expr","locations":[{"start":{"line":92,"column":55},"end":{"line":92,"column":65}},{"start":{"line":92,"column":68},"end":{"line":92,"column":70}}],"line":92}},"s":{"0":1,"1":1,"2":1,"3":1,"4":1,"5":1,"6":3,"7":3,"8":3,"9":3},"f":{"0":1,"1":1,"2":1,"3":3},"b":{"0":[0,3],"1":[0,3],"2":[0,3],"3":[0,3],"4":[0,3],"5":[0,3],"6":[0,3],"7":[3,0],"8":[0,3],"9":[3,0],"10":[0,3],"11":[3,0],"12":[0,3],"13":[3,0]},"_coverageSchema":"332fd63041d2c1bcb487cc26dd0d5f7d97098a6c","hash":"785c7f3d87665c6e94df46c06d92decd89a1b9e5"}
,"/home/milestep/apps/react_todo_client/src/components/tasks/tasks.js": {"path":"/home/milestep/apps/react_todo_client/src/components/tasks/tasks.js","statementMap":{"0":{"start":{"line":6,"column":4},"end":{"line":10,"column":6}}},"fnMap":{"0":{"name":"(anonymous_0)","decl":{"start":{"line":5,"column":2},"end":{"line":5,"column":3}},"loc":{"start":{"line":5,"column":11},"end":{"line":11,"column":3}},"line":5}},"branchMap":{},"s":{"0":1},"f":{"0":1},"b":{},"_coverageSchema":"332fd63041d2c1bcb487cc26dd0d5f7d97098a6c","hash":"dd0bca37a3f5b1450d8680cc70a4f3d4cadc15e1"}
,"/home/milestep/apps/react_todo_client/src/components/tasks/tasksdel.js": {"path":"/home/milestep/apps/react_todo_client/src/components/tasks/tasksdel.js","statementMap":{"0":{"start":{"line":5,"column":4},"end":{"line":5,"column":17}},"1":{"start":{"line":6,"column":4},"end":{"line":8,"column":6}},"2":{"start":{"line":12,"column":16},"end":{"line":12,"column":34}},"3":{"start":{"line":13,"column":16},"end":{"line":13,"column":35}},"4":{"start":{"line":14,"column":4},"end":{"line":18,"column":5}},"5":{"start":{"line":15,"column":6},"end":{"line":15,"column":29}},"6":{"start":{"line":17,"column":6},"end":{"line":17,"column":23}},"7":{"start":{"line":19,"column":4},"end":{"line":19,"column":46}},"8":{"start":{"line":19,"column":25},"end":{"line":19,"column":43}},"9":{"start":{"line":23,"column":4},"end":{"line":23,"column":51}},"10":{"start":{"line":27,"column":25},"end":{"line":27,"column":27}},"11":{"start":{"line":28,"column":4},"end":{"line":30,"column":7}},"12":{"start":{"line":29,"column":6},"end":{"line":29,"column":33}},"13":{"start":{"line":31,"column":4},"end":{"line":31,"column":53}},"14":{"start":{"line":31,"column":25},"end":{"line":31,"column":50}},"15":{"start":{"line":35,"column":4},"end":{"line":35,"column":43}},"16":{"start":{"line":35,"column":25},"end":{"line":35,"column":40}},"17":{"start":{"line":39,"column":4},"end":{"line":39,"column":60}},"18":{"start":{"line":39,"column":47},"end":{"line":39,"column":60}},"19":{"start":{"line":40,"column":4},"end":{"line":40,"column":16}},"20":{"start":{"line":44,"column":16},"end":{"line":44,"column":56}},"21":{"start":{"line":45,"column":4},"end":{"line":152,"column":6}},"22":{"start":{"line":72,"column":12},"end":{"line":118,"column":13}},"23":{"start":{"line":74,"column":16},"end":{"line":80,"column":22}},"24":{"start":{"line":82,"column":16},"end":{"line":88,"column":22}},"25":{"start":{"line":90,"column":14},"end":{"line":117,"column":16}},"26":{"start":{"line":121,"column":12},"end":{"line":148,"column":13}},"27":{"start":{"line":122,"column":14},"end":{"line":147,"column":16}}},"fnMap":{"0":{"name":"(anonymous_0)","decl":{"start":{"line":4,"column":2},"end":{"line":4,"column":3}},"loc":{"start":{"line":4,"column":21},"end":{"line":9,"column":3}},"line":4},"1":{"name":"(anonymous_1)","decl":{"start":{"line":11,"column":2},"end":{"line":11,"column":3}},"loc":{"start":{"line":11,"column":20},"end":{"line":20,"column":3}},"line":11},"2":{"name":"(anonymous_2)","decl":{"start":{"line":19,"column":18},"end":{"line":19,"column":19}},"loc":{"start":{"line":19,"column":25},"end":{"line":19,"column":43}},"line":19},"3":{"name":"(anonymous_3)","decl":{"start":{"line":22,"column":2},"end":{"line":22,"column":3}},"loc":{"start":{"line":22,"column":24},"end":{"line":24,"column":3}},"line":22},"4":{"name":"(anonymous_4)","decl":{"start":{"line":26,"column":2},"end":{"line":26,"column":3}},"loc":{"start":{"line":26,"column":18},"end":{"line":32,"column":3}},"line":26},"5":{"name":"(anonymous_5)","decl":{"start":{"line":28,"column":25},"end":{"line":28,"column":26}},"loc":{"start":{"line":28,"column":33},"end":{"line":30,"column":5}},"line":28},"6":{"name":"(anonymous_6)","decl":{"start":{"line":31,"column":18},"end":{"line":31,"column":19}},"loc":{"start":{"line":31,"column":25},"end":{"line":31,"column":50}},"line":31},"7":{"name":"(anonymous_7)","decl":{"start":{"line":34,"column":2},"end":{"line":34,"column":3}},"loc":{"start":{"line":34,"column":20},"end":{"line":36,"column":3}},"line":34},"8":{"name":"(anonymous_8)","decl":{"start":{"line":35,"column":18},"end":{"line":35,"column":19}},"loc":{"start":{"line":35,"column":25},"end":{"line":35,"column":40}},"line":35},"9":{"name":"(anonymous_9)","decl":{"start":{"line":38,"column":14},"end":{"line":38,"column":15}},"loc":{"start":{"line":38,"column":20},"end":{"line":41,"column":3}},"line":38},"10":{"name":"(anonymous_10)","decl":{"start":{"line":43,"column":2},"end":{"line":43,"column":3}},"loc":{"start":{"line":43,"column":11},"end":{"line":153,"column":3}},"line":43},"11":{"name":"(anonymous_11)","decl":{"start":{"line":71,"column":21},"end":{"line":71,"column":22}},"loc":{"start":{"line":71,"column":29},"end":{"line":119,"column":11}},"line":71},"12":{"name":"(anonymous_12)","decl":{"start":{"line":120,"column":21},"end":{"line":120,"column":22}},"loc":{"start":{"line":120,"column":29},"end":{"line":149,"column":11}},"line":120}},"branchMap":{"0":{"loc":{"start":{"line":14,"column":4},"end":{"line":18,"column":5}},"type":"if","locations":[{"start":{"line":14,"column":4},"end":{"line":18,"column":5}},{"start":{"line":14,"column":4},"end":{"line":18,"column":5}}],"line":14},"1":{"loc":{"start":{"line":39,"column":4},"end":{"line":39,"column":60}},"type":"if","locations":[{"start":{"line":39,"column":4},"end":{"line":39,"column":60}},{"start":{"line":39,"column":4},"end":{"line":39,"column":60}}],"line":39},"2":{"loc":{"start":{"line":44,"column":16},"end":{"line":44,"column":56}},"type":"cond-expr","locations":[{"start":{"line":44,"column":35},"end":{"line":44,"column":51}},{"start":{"line":44,"column":54},"end":{"line":44,"column":56}}],"line":44},"3":{"loc":{"start":{"line":72,"column":12},"end":{"line":118,"column":13}},"type":"if","locations":[{"start":{"line":72,"column":12},"end":{"line":118,"column":13}},{"start":{"line":72,"column":12},"end":{"line":118,"column":13}}],"line":72},"4":{"loc":{"start":{"line":74,"column":16},"end":{"line":80,"column":22}},"type":"cond-expr","locations":[{"start":{"line":75,"column":20},"end":{"line":75,"column":37}},{"start":{"line":76,"column":20},"end":{"line":80,"column":22}}],"line":74},"5":{"loc":{"start":{"line":76,"column":20},"end":{"line":80,"column":22}},"type":"cond-expr","locations":[{"start":{"line":77,"column":20},"end":{"line":77,"column":37}},{"start":{"line":78,"column":20},"end":{"line":80,"column":22}}],"line":76},"6":{"loc":{"start":{"line":78,"column":20},"end":{"line":80,"column":22}},"type":"cond-expr","locations":[{"start":{"line":79,"column":20},"end":{"line":79,"column":39}},{"start":{"line":80,"column":20},"end":{"line":80,"column":22}}],"line":78},"7":{"loc":{"start":{"line":82,"column":16},"end":{"line":88,"column":22}},"type":"cond-expr","locations":[{"start":{"line":83,"column":20},"end":{"line":83,"column":26}},{"start":{"line":84,"column":20},"end":{"line":88,"column":22}}],"line":82},"8":{"loc":{"start":{"line":84,"column":20},"end":{"line":88,"column":22}},"type":"cond-expr","locations":[{"start":{"line":85,"column":20},"end":{"line":85,"column":28}},{"start":{"line":86,"column":20},"end":{"line":88,"column":22}}],"line":84},"9":{"loc":{"start":{"line":86,"column":20},"end":{"line":88,"column":22}},"type":"cond-expr","locations":[{"start":{"line":87,"column":20},"end":{"line":87,"column":25}},{"start":{"line":88,"column":20},"end":{"line":88,"column":22}}],"line":86},"10":{"loc":{"start":{"line":121,"column":12},"end":{"line":148,"column":13}},"type":"if","locations":[{"start":{"line":121,"column":12},"end":{"line":148,"column":13}},{"start":{"line":121,"column":12},"end":{"line":148,"column":13}}],"line":121}},"s":{"0":1,"1":1,"2":2,"3":2,"4":2,"5":1,"6":1,"7":2,"8":2,"9":1,"10":1,"11":1,"12":3,"13":1,"14":1,"15":1,"16":1,"17":15,"18":11,"19":4,"20":5,"21":5,"22":15,"23":10,"24":10,"25":10,"26":15,"27":5},"f":{"0":1,"1":2,"2":2,"3":1,"4":1,"5":3,"6":1,"7":1,"8":1,"9":15,"10":5,"11":15,"12":15},"b":{"0":[1,1],"1":[11,4],"2":[5,0],"3":[10,5],"4":[5,5],"5":[5,0],"6":[0,0],"7":[5,5],"8":[5,0],"9":[0,0],"10":[5,10]},"_coverageSchema":"332fd63041d2c1bcb487cc26dd0d5f7d97098a6c","hash":"0a832514cf2dab450aa2ee08b6606315bc7d906f"}
,"/home/milestep/apps/react_todo_client/src/components/tasks/taskslist.js": {"path":"/home/milestep/apps/react_todo_client/src/components/tasks/taskslist.js","statementMap":{"0":{"start":{"line":16,"column":4},"end":{"line":16,"column":32}},"1":{"start":{"line":20,"column":16},"end":{"line":20,"column":56}},"2":{"start":{"line":21,"column":4},"end":{"line":111,"column":6}},"3":{"start":{"line":39,"column":12},"end":{"line":80,"column":13}},"4":{"start":{"line":41,"column":16},"end":{"line":47,"column":22}},"5":{"start":{"line":49,"column":16},"end":{"line":55,"column":22}},"6":{"start":{"line":56,"column":14},"end":{"line":79,"column":16}},"7":{"start":{"line":83,"column":12},"end":{"line":107,"column":13}},"8":{"start":{"line":84,"column":14},"end":{"line":106,"column":16}}},"fnMap":{"0":{"name":"(anonymous_0)","decl":{"start":{"line":15,"column":2},"end":{"line":15,"column":3}},"loc":{"start":{"line":15,"column":19},"end":{"line":17,"column":3}},"line":15},"1":{"name":"(anonymous_1)","decl":{"start":{"line":19,"column":2},"end":{"line":19,"column":3}},"loc":{"start":{"line":19,"column":11},"end":{"line":112,"column":3}},"line":19},"2":{"name":"(anonymous_2)","decl":{"start":{"line":38,"column":21},"end":{"line":38,"column":22}},"loc":{"start":{"line":38,"column":29},"end":{"line":81,"column":11}},"line":38},"3":{"name":"(anonymous_3)","decl":{"start":{"line":82,"column":21},"end":{"line":82,"column":22}},"loc":{"start":{"line":82,"column":29},"end":{"line":108,"column":11}},"line":82}},"branchMap":{"0":{"loc":{"start":{"line":20,"column":16},"end":{"line":20,"column":56}},"type":"cond-expr","locations":[{"start":{"line":20,"column":35},"end":{"line":20,"column":51}},{"start":{"line":20,"column":54},"end":{"line":20,"column":56}}],"line":20},"1":{"loc":{"start":{"line":39,"column":12},"end":{"line":80,"column":13}},"type":"if","locations":[{"start":{"line":39,"column":12},"end":{"line":80,"column":13}},{"start":{"line":39,"column":12},"end":{"line":80,"column":13}}],"line":39},"2":{"loc":{"start":{"line":41,"column":16},"end":{"line":47,"column":22}},"type":"cond-expr","locations":[{"start":{"line":42,"column":20},"end":{"line":42,"column":37}},{"start":{"line":43,"column":20},"end":{"line":47,"column":22}}],"line":41},"3":{"loc":{"start":{"line":43,"column":20},"end":{"line":47,"column":22}},"type":"cond-expr","locations":[{"start":{"line":44,"column":20},"end":{"line":44,"column":37}},{"start":{"line":45,"column":20},"end":{"line":47,"column":22}}],"line":43},"4":{"loc":{"start":{"line":45,"column":20},"end":{"line":47,"column":22}},"type":"cond-expr","locations":[{"start":{"line":46,"column":20},"end":{"line":46,"column":39}},{"start":{"line":47,"column":20},"end":{"line":47,"column":22}}],"line":45},"5":{"loc":{"start":{"line":49,"column":16},"end":{"line":55,"column":22}},"type":"cond-expr","locations":[{"start":{"line":50,"column":20},"end":{"line":50,"column":26}},{"start":{"line":51,"column":20},"end":{"line":55,"column":22}}],"line":49},"6":{"loc":{"start":{"line":51,"column":20},"end":{"line":55,"column":22}},"type":"cond-expr","locations":[{"start":{"line":52,"column":20},"end":{"line":52,"column":28}},{"start":{"line":53,"column":20},"end":{"line":55,"column":22}}],"line":51},"7":{"loc":{"start":{"line":53,"column":20},"end":{"line":55,"column":22}},"type":"cond-expr","locations":[{"start":{"line":54,"column":20},"end":{"line":54,"column":25}},{"start":{"line":55,"column":20},"end":{"line":55,"column":22}}],"line":53},"8":{"loc":{"start":{"line":83,"column":12},"end":{"line":107,"column":13}},"type":"if","locations":[{"start":{"line":83,"column":12},"end":{"line":107,"column":13}},{"start":{"line":83,"column":12},"end":{"line":107,"column":13}}],"line":83}},"s":{"0":1,"1":1,"2":1,"3":3,"4":2,"5":2,"6":2,"7":3,"8":1},"f":{"0":1,"1":1,"2":3,"3":3},"b":{"0":[1,0],"1":[2,1],"2":[1,1],"3":[1,0],"4":[0,0],"5":[1,1],"6":[1,0],"7":[0,0],"8":[1,2]},"_coverageSchema":"332fd63041d2c1bcb487cc26dd0d5f7d97098a6c","hash":"0ad2f38a49027c8c45fd6042fa5a9cf38fb51d85"}
,"/home/milestep/apps/react_todo_client/src/components/users/signin.js": {"path":"/home/milestep/apps/react_todo_client/src/components/users/signin.js","statementMap":{"0":{"start":{"line":4,"column":4},"end":{"line":4,"column":17}},"1":{"start":{"line":5,"column":4},"end":{"line":10,"column":6}},"2":{"start":{"line":14,"column":4},"end":{"line":14,"column":23}},"3":{"start":{"line":15,"column":4},"end":{"line":15,"column":44}},"4":{"start":{"line":19,"column":23},"end":{"line":19,"column":56}},"5":{"start":{"line":20,"column":4},"end":{"line":20,"column":7}},"6":{"start":{"line":21,"column":4},"end":{"line":21,"column":39}},"7":{"start":{"line":22,"column":4},"end":{"line":22,"column":43}},"8":{"start":{"line":26,"column":4},"end":{"line":58,"column":6}}},"fnMap":{"0":{"name":"(anonymous_0)","decl":{"start":{"line":3,"column":2},"end":{"line":3,"column":3}},"loc":{"start":{"line":3,"column":21},"end":{"line":11,"column":3}},"line":3},"1":{"name":"(anonymous_1)","decl":{"start":{"line":13,"column":2},"end":{"line":13,"column":3}},"loc":{"start":{"line":13,"column":18},"end":{"line":16,"column":3}},"line":13},"2":{"name":"(anonymous_2)","decl":{"start":{"line":18,"column":2},"end":{"line":18,"column":3}},"loc":{"start":{"line":18,"column":25},"end":{"line":23,"column":3}},"line":18},"3":{"name":"(anonymous_3)","decl":{"start":{"line":25,"column":2},"end":{"line":25,"column":3}},"loc":{"start":{"line":25,"column":11},"end":{"line":59,"column":3}},"line":25}},"branchMap":{},"s":{"0":1,"1":1,"2":1,"3":1,"4":2,"5":2,"6":2,"7":2,"8":3},"f":{"0":1,"1":1,"2":2,"3":3},"b":{},"_coverageSchema":"332fd63041d2c1bcb487cc26dd0d5f7d97098a6c","hash":"0a81d378dc9c2dc707f73d5e079f03fd72579341"}
,"/home/milestep/apps/react_todo_client/src/components/users/signup.js": {"path":"/home/milestep/apps/react_todo_client/src/components/users/signup.js","statementMap":{"0":{"start":{"line":5,"column":4},"end":{"line":5,"column":17}},"1":{"start":{"line":6,"column":4},"end":{"line":15,"column":6}},"2":{"start":{"line":19,"column":4},"end":{"line":19,"column":23}},"3":{"start":{"line":20,"column":4},"end":{"line":20,"column":41}},"4":{"start":{"line":24,"column":20},"end":{"line":24,"column":50}},"5":{"start":{"line":25,"column":4},"end":{"line":25,"column":36}},"6":{"start":{"line":26,"column":4},"end":{"line":26,"column":37}},"7":{"start":{"line":30,"column":4},"end":{"line":98,"column":6}}},"fnMap":{"0":{"name":"(anonymous_0)","decl":{"start":{"line":4,"column":2},"end":{"line":4,"column":3}},"loc":{"start":{"line":4,"column":21},"end":{"line":16,"column":3}},"line":4},"1":{"name":"(anonymous_1)","decl":{"start":{"line":18,"column":2},"end":{"line":18,"column":3}},"loc":{"start":{"line":18,"column":18},"end":{"line":21,"column":3}},"line":18},"2":{"name":"(anonymous_2)","decl":{"start":{"line":23,"column":2},"end":{"line":23,"column":3}},"loc":{"start":{"line":23,"column":25},"end":{"line":27,"column":3}},"line":23},"3":{"name":"(anonymous_3)","decl":{"start":{"line":29,"column":2},"end":{"line":29,"column":3}},"loc":{"start":{"line":29,"column":11},"end":{"line":99,"column":3}},"line":29}},"branchMap":{},"s":{"0":1,"1":1,"2":1,"3":1,"4":4,"5":4,"6":4,"7":5},"f":{"0":1,"1":1,"2":4,"3":5},"b":{},"_coverageSchema":"332fd63041d2c1bcb487cc26dd0d5f7d97098a6c","hash":"55c3e1e8030cd97ed0bbbab697da2f392aa0b3dd"}
}
