TN:
SF:/home/milestep/apps/react_todo_client/src/components/about.js
FN:5,(anonymous_0)
FNF:1
FNH:1
FNDA:1,(anonymous_0)
DA:6,1
LF:1
LH:1
BRF:0
BRH:0
end_of_record
TN:
SF:/home/milestep/apps/react_todo_client/src/components/header.js
FN:5,(anonymous_0)
FNF:1
FNH:1
FNDA:2,(anonymous_0)
DA:6,2
DA:7,1
DA:44,1
LF:3
LH:3
BRDA:6,0,0,1
BRDA:6,0,1,1
BRDA:6,1,0,2
BRDA:6,1,1,1
BRF:4
BRH:4
end_of_record
TN:
SF:/home/milestep/apps/react_todo_client/src/components/home.js
FN:4,(anonymous_0)
FNF:1
FNH:1
FNDA:1,(anonymous_0)
DA:5,1
LF:1
LH:1
BRF:0
BRH:0
end_of_record
TN:
SF:/home/milestep/apps/react_todo_client/src/components/p404.js
FN:3,(anonymous_0)
FNF:1
FNH:1
FNDA:1,(anonymous_0)
DA:4,1
LF:1
LH:1
BRF:0
BRH:0
end_of_record
TN:
SF:/home/milestep/apps/react_todo_client/src/components/tasks/taskadd.js
FN:7,(anonymous_0)
FN:30,(anonymous_1)
FN:33,(anonymous_2)
FN:36,(anonymous_3)
FN:41,(anonymous_4)
FN:44,(anonymous_5)
FN:47,(anonymous_6)
FNF:7
FNH:7
FNDA:3,(anonymous_0)
FNDA:1,(anonymous_1)
FNDA:1,(anonymous_2)
FNDA:1,(anonymous_3)
FNDA:1,(anonymous_4)
FNDA:1,(anonymous_5)
FNDA:5,(anonymous_6)
DA:8,3
DA:9,3
DA:31,1
DA:32,1
DA:33,1
DA:37,1
DA:38,1
DA:42,1
DA:43,1
DA:44,1
DA:48,5
LF:11
LH:11
BRF:0
BRH:0
end_of_record
TN:
SF:/home/milestep/apps/react_todo_client/src/components/tasks/taskedit.js
FN:7,(anonymous_0)
FN:32,(anonymous_1)
FN:35,(anonymous_2)
FN:38,(anonymous_3)
FN:43,(anonymous_4)
FN:46,(anonymous_5)
FN:49,(anonymous_6)
FNF:7
FNH:7
FNDA:2,(anonymous_0)
FNDA:1,(anonymous_1)
FNDA:1,(anonymous_2)
FNDA:1,(anonymous_3)
FNDA:1,(anonymous_4)
FNDA:1,(anonymous_5)
FNDA:4,(anonymous_6)
DA:8,2
DA:9,2
DA:10,2
DA:33,1
DA:34,1
DA:35,1
DA:39,1
DA:40,1
DA:44,1
DA:45,1
DA:46,1
DA:50,4
DA:51,4
LF:13
LH:13
BRF:0
BRH:0
end_of_record
TN:
SF:/home/milestep/apps/react_todo_client/src/components/tasks/taskprofile.js
FN:19,(anonymous_0)
FN:21,(anonymous_1)
FN:25,(anonymous_2)
FN:30,(anonymous_3)
FNF:4
FNH:4
FNDA:1,(anonymous_0)
FNDA:1,(anonymous_1)
FNDA:1,(anonymous_2)
FNDA:3,(anonymous_3)
DA:20,1
DA:21,1
DA:22,1
DA:26,1
DA:27,1
DA:31,3
DA:33,3
DA:41,3
DA:48,3
LF:9
LH:9
BRDA:33,0,0,0
BRDA:33,0,1,3
BRDA:35,1,0,0
BRDA:35,1,1,3
BRDA:37,2,0,0
BRDA:37,2,1,3
BRDA:41,3,0,0
BRDA:41,3,1,3
BRDA:43,4,0,0
BRDA:43,4,1,3
BRDA:45,5,0,0
BRDA:45,5,1,3
BRDA:70,6,0,0
BRDA:70,6,1,3
BRDA:72,7,0,3
BRDA:72,7,1,0
BRDA:77,8,0,0
BRDA:77,8,1,3
BRDA:77,9,0,3
BRDA:77,9,1,0
BRDA:84,10,0,0
BRDA:84,10,1,3
BRDA:86,11,0,3
BRDA:86,11,1,0
BRDA:92,12,0,0
BRDA:92,12,1,3
BRDA:92,13,0,3
BRDA:92,13,1,0
BRF:28
BRH:14
end_of_record
TN:
SF:/home/milestep/apps/react_todo_client/src/components/tasks/tasks.js
FN:5,(anonymous_0)
FNF:1
FNH:1
FNDA:1,(anonymous_0)
DA:6,1
LF:1
LH:1
BRF:0
BRH:0
end_of_record
TN:
SF:/home/milestep/apps/react_todo_client/src/components/tasks/tasksdel.js
FN:4,(anonymous_0)
FN:11,(anonymous_1)
FN:19,(anonymous_2)
FN:22,(anonymous_3)
FN:26,(anonymous_4)
FN:28,(anonymous_5)
FN:31,(anonymous_6)
FN:34,(anonymous_7)
FN:35,(anonymous_8)
FN:38,(anonymous_9)
FN:43,(anonymous_10)
FN:71,(anonymous_11)
FN:120,(anonymous_12)
FNF:13
FNH:13
FNDA:1,(anonymous_0)
FNDA:2,(anonymous_1)
FNDA:2,(anonymous_2)
FNDA:1,(anonymous_3)
FNDA:1,(anonymous_4)
FNDA:3,(anonymous_5)
FNDA:1,(anonymous_6)
FNDA:1,(anonymous_7)
FNDA:1,(anonymous_8)
FNDA:15,(anonymous_9)
FNDA:5,(anonymous_10)
FNDA:15,(anonymous_11)
FNDA:15,(anonymous_12)
DA:5,1
DA:6,1
DA:12,2
DA:13,2
DA:14,2
DA:15,1
DA:17,1
DA:19,2
DA:23,1
DA:27,1
DA:28,1
DA:29,3
DA:31,1
DA:35,1
DA:39,15
DA:40,4
DA:44,5
DA:45,5
DA:72,15
DA:74,10
DA:82,10
DA:90,10
DA:121,15
DA:122,5
LF:24
LH:24
BRDA:14,0,0,1
BRDA:14,0,1,1
BRDA:39,1,0,11
BRDA:39,1,1,4
BRDA:44,2,0,5
BRDA:44,2,1,0
BRDA:72,3,0,10
BRDA:72,3,1,5
BRDA:74,4,0,5
BRDA:74,4,1,5
BRDA:76,5,0,5
BRDA:76,5,1,0
BRDA:78,6,0,0
BRDA:78,6,1,0
BRDA:82,7,0,5
BRDA:82,7,1,5
BRDA:84,8,0,5
BRDA:84,8,1,0
BRDA:86,9,0,0
BRDA:86,9,1,0
BRDA:121,10,0,5
BRDA:121,10,1,10
BRF:22
BRH:15
end_of_record
TN:
SF:/home/milestep/apps/react_todo_client/src/components/tasks/taskslist.js
FN:15,(anonymous_0)
FN:19,(anonymous_1)
FN:38,(anonymous_2)
FN:82,(anonymous_3)
FNF:4
FNH:4
FNDA:1,(anonymous_0)
FNDA:1,(anonymous_1)
FNDA:3,(anonymous_2)
FNDA:3,(anonymous_3)
DA:16,1
DA:20,1
DA:21,1
DA:39,3
DA:41,2
DA:49,2
DA:56,2
DA:83,3
DA:84,1
LF:9
LH:9
BRDA:20,0,0,1
BRDA:20,0,1,0
BRDA:39,1,0,2
BRDA:39,1,1,1
BRDA:41,2,0,1
BRDA:41,2,1,1
BRDA:43,3,0,1
BRDA:43,3,1,0
BRDA:45,4,0,0
BRDA:45,4,1,0
BRDA:49,5,0,1
BRDA:49,5,1,1
BRDA:51,6,0,1
BRDA:51,6,1,0
BRDA:53,7,0,0
BRDA:53,7,1,0
BRDA:83,8,0,1
BRDA:83,8,1,2
BRF:18
BRH:11
end_of_record
TN:
SF:/home/milestep/apps/react_todo_client/src/components/users/signin.js
FN:3,(anonymous_0)
FN:13,(anonymous_1)
FN:18,(anonymous_2)
FN:25,(anonymous_3)
FNF:4
FNH:4
FNDA:1,(anonymous_0)
FNDA:1,(anonymous_1)
FNDA:2,(anonymous_2)
FNDA:3,(anonymous_3)
DA:4,1
DA:5,1
DA:14,1
DA:15,1
DA:19,2
DA:20,2
DA:21,2
DA:22,2
DA:26,3
LF:9
LH:9
BRF:0
BRH:0
end_of_record
TN:
SF:/home/milestep/apps/react_todo_client/src/components/users/signup.js
FN:4,(anonymous_0)
FN:18,(anonymous_1)
FN:23,(anonymous_2)
FN:29,(anonymous_3)
FNF:4
FNH:4
FNDA:1,(anonymous_0)
FNDA:1,(anonymous_1)
FNDA:4,(anonymous_2)
FNDA:5,(anonymous_3)
DA:5,1
DA:6,1
DA:19,1
DA:20,1
DA:24,4
DA:25,4
DA:26,4
DA:30,5
LF:8
LH:8
BRF:0
BRH:0
end_of_record
